This is XeTeX, Version 3.14159265-2.6-0.99992 (TeX Live 2015) (preloaded format=xelatex 2016.5.8)  10 MAY 2017 16:04
entering extended mode
 restricted \write18 enabled.
 file:line:error style messages enabled.
 %&-line parsing enabled.
**main.tex
(./main.tex
LaTeX2e <2015/01/01>
Babel <3.9l> and hyphenation patterns for 79 languages loaded.
(/usr/local/texlive/2015/texmf-dist/tex/latex/base/book.cls
Document Class: book 2014/09/29 v1.4h Standard LaTeX document class
(/usr/local/texlive/2015/texmf-dist/tex/latex/base/fleqn.clo
File: fleqn.clo 2015/03/31 v1.1i Standard LaTeX option (flush left equations)
\mathindent=\dimen102
Applying: [2015/01/01] Make \[ robust on input line 50.
LaTeX Info: Redefining \[ on input line 51.
Already applied: [0000/00/00] Make \[ robust on input line 62.
Applying: [2015/01/01] Make \] robust on input line 74.
LaTeX Info: Redefining \] on input line 75.
Already applied: [0000/00/00] Make \] robust on input line 83.
) (/usr/local/texlive/2015/texmf-dist/tex/latex/base/bk12.clo
File: bk12.clo 2014/09/29 v1.4h Standard LaTeX file (size option)
)
\c@part=\count79
\c@chapter=\count80
\c@section=\count81
\c@subsection=\count82
\c@subsubsection=\count83
\c@paragraph=\count84
\c@subparagraph=\count85
\c@figure=\count86
\c@table=\count87
\abovecaptionskip=\skip41
\belowcaptionskip=\skip42
\bibindent=\dimen103
) (/usr/local/texlive/2015/texmf-dist/tex/xelatex/xecjk/xeCJK.sty (/usr/local/texlive/2015/texmf-dist/tex/latex/l3kernel/expl3.sty
Package: expl3 2015/03/01 v5547 L3 programming layer (loader) 
 (/usr/local/texlive/2015/texmf-dist/tex/latex/l3kernel/expl3-code.tex
Package: expl3 2015/03/01 v5547 L3 programming layer (code) 
L3 Module: l3bootstrap 2015/02/28 v5542 L3 Bootstrap code
L3 Module: l3names 2015/02/24 v5535 L3 Namespace for primitives
L3 Module: l3basics 2015/01/27 v5500 L3 Basic definitions
L3 Module: l3expan 2014/11/27 v5472 L3 Argument expansion
L3 Module: l3tl 2015/01/27 v5500 L3 Token lists
L3 Module: l3str 2015/03/01 v5545 L3 Strings
L3 Module: l3seq 2014/08/23 v5354 L3 Sequences and stacks
L3 Module: l3int 2015/02/21 v5529 L3 Integers
\c_max_int=\count88
\l_tmpa_int=\count89
\l_tmpb_int=\count90
\g_tmpa_int=\count91
\g_tmpb_int=\count92
L3 Module: l3quark 2014/08/23 v5354 L3 Quarks
L3 Module: l3prg 2014/08/23 v5354 L3 Control structures
\g__prg_map_int=\count93
L3 Module: l3clist 2014/08/23 v5354 L3 Comma separated lists
L3 Module: l3token 2014/09/15 v5422 L3 Experimental token manipulation
L3 Module: l3prop 2014/08/23 v5354 L3 Property lists
L3 Module: l3msg 2015/02/26 v5537 L3 Messages
L3 Module: l3file 2014/08/24 v5369 L3 File and I/O operations
\l_iow_line_count_int=\count94
\l__iow_target_count_int=\count95
\l__iow_current_line_int=\count96
\l__iow_current_word_int=\count97
\l__iow_current_indentation_int=\count98
L3 Module: l3skip 2014/08/23 v5354 L3 Dimensions and skips
\c_zero_dim=\dimen104
\c_max_dim=\dimen105
\l_tmpa_dim=\dimen106
\l_tmpb_dim=\dimen107
\g_tmpa_dim=\dimen108
\g_tmpb_dim=\dimen109
\c_zero_skip=\skip43
\c_max_skip=\skip44
\l_tmpa_skip=\skip45
\l_tmpb_skip=\skip46
\g_tmpa_skip=\skip47
\g_tmpb_skip=\skip48
\c_zero_muskip=\muskip10
\c_max_muskip=\muskip11
\l_tmpa_muskip=\muskip12
\l_tmpb_muskip=\muskip13
\g_tmpa_muskip=\muskip14
\g_tmpb_muskip=\muskip15
L3 Module: l3keys 2015/01/27 v5500 L3 Key-value interfaces
\g__keyval_level_int=\count99
\l_keys_choice_int=\count100
L3 Module: l3fp 2014/08/22 v5336 L3 Floating points
\c__fp_leading_shift_int=\count101
\c__fp_middle_shift_int=\count102
\c__fp_trailing_shift_int=\count103
\c__fp_big_leading_shift_int=\count104
\c__fp_big_middle_shift_int=\count105
\c__fp_big_trailing_shift_int=\count106
\c__fp_Bigg_leading_shift_int=\count107
\c__fp_Bigg_middle_shift_int=\count108
\c__fp_Bigg_trailing_shift_int=\count109
L3 Module: l3box 2014/08/23 v5354 L3 Experimental boxes
\c_empty_box=\box26
\l_tmpa_box=\box27
\l_tmpb_box=\box28
\g_tmpa_box=\box29
\g_tmpb_box=\box30
L3 Module: l3coffins 2014/08/23 v5354 L3 Coffin code layer
\l__coffin_internal_box=\box31
\l__coffin_internal_dim=\dimen110
\l__coffin_offset_x_dim=\dimen111
\l__coffin_offset_y_dim=\dimen112
\l__coffin_x_dim=\dimen113
\l__coffin_y_dim=\dimen114
\l__coffin_x_prime_dim=\dimen115
\l__coffin_y_prime_dim=\dimen116
\c_empty_coffin=\box32
\l__coffin_aligned_coffin=\box33
\l__coffin_aligned_internal_coffin=\box34
\l_tmpa_coffin=\box35
\l_tmpb_coffin=\box36
\l__coffin_display_coffin=\box37
\l__coffin_display_coord_coffin=\box38
\l__coffin_display_pole_coffin=\box39
\l__coffin_display_offset_dim=\dimen117
\l__coffin_display_x_dim=\dimen118
\l__coffin_display_y_dim=\dimen119
L3 Module: l3color 2014/08/23 v5354 L3 Experimental color support
L3 Module: l3candidates 2015/03/01 v5544 L3 Experimental additions to l3kernel
\l__box_top_dim=\dimen120
\l__box_bottom_dim=\dimen121
\l__box_left_dim=\dimen122
\l__box_right_dim=\dimen123
\l__box_top_new_dim=\dimen124
\l__box_bottom_new_dim=\dimen125
\l__box_left_new_dim=\dimen126
\l__box_right_new_dim=\dimen127
\l__box_internal_box=\box40
\l__coffin_bounding_shift_dim=\dimen128
\l__coffin_left_corner_dim=\dimen129
\l__coffin_right_corner_dim=\dimen130
\l__coffin_bottom_corner_dim=\dimen131
\l__coffin_top_corner_dim=\dimen132
\l__coffin_scaled_total_height_dim=\dimen133
\l__coffin_scaled_width_dim=\dimen134
) (/usr/local/texlive/2015/texmf-dist/tex/latex/l3kernel/l3unicode-data.def
File: l3unicode-data.def 2015/03/01 v5544 L3 Unicode data
) (/usr/local/texlive/2015/texmf-dist/tex/latex/l3kernel/l3xdvipdfmx.def
File: l3xdvidpfmx.def 2015/03/01 v5544 L3 Experimental driver: xdvipdfmx
))
Package: xeCJK 2015/05/15 v3.3.2 Typesetting CJK scripts with XeLaTeX
 (/usr/local/texlive/2015/texmf-dist/tex/latex/l3packages/xtemplate/xtemplate.sty
Package: xtemplate 2014/11/25 v5471 L3 Experimental prototype document functions
\l__xtemplate_tmp_dim=\dimen135
\l__xtemplate_tmp_int=\count110
\l__xtemplate_tmp_muskip=\muskip16
\l__xtemplate_tmp_skip=\skip49
Variant \prop_get:NoNTF already defined; not changing it on line 106
Variant \prop_get:NoNT already defined; not changing it on line 107
Variant \prop_get:NoNF already defined; not changing it on line 108
) (/usr/local/texlive/2015/texmf-dist/tex/latex/l3packages/xparse/xparse.sty
Package: xparse 2014/11/25 v5471 L3 Experimental document command parser
\l__xparse_current_arg_int=\count111
\l__xparse_m_args_int=\count112
\l__xparse_mandatory_args_int=\count113
\l__xparse_processor_int=\count114
\l__xparse_v_nesting_int=\count115
) (/usr/local/texlive/2015/texmf-dist/tex/latex/l3packages/l3keys2e/l3keys2e.sty
Package: l3keys2e 2014/11/25 v5471 LaTeX2e option processing using LaTeX3 keys
)
\l__xeCJK_tmp_int=\count116
\l__xeCJK_tmp_box=\box41
\l__xeCJK_tmp_dim=\dimen136
\l__xeCJK_tmp_skip=\skip50
.................................................
. LaTeX info: "xparse/define-command"
. 
. Defining command \xeCJKShipoutHook with sig. '' on line 151.
.................................................
\g__xeCJK_spacefactor_int=\count117
\l__xeCJK_begin_int=\count118
\l__xeCJK_end_int=\count119
.................................................
. LaTeX info: "xparse/define-command"
. 
. Defining command \makexeCJKactive with sig. '' on line 383.
.................................................
.................................................
. LaTeX info: "xparse/define-command"
. 
. Defining command \makexeCJKinactive with sig. '' on line 384.
.................................................
\c__xeCJK_HalfLeft_class_int=\XeTeXcharclass4
\c__xeCJK_HalfRight_class_int=\XeTeXcharclass5
\c__xeCJK_NormalSpace_class_int=\XeTeXcharclass6
\c__xeCJK_CM_class_int=\XeTeXcharclass7
\c__xeCJK_HangulJamo_class_int=\XeTeXcharclass8
.................................................
. LaTeX info: "xparse/define-command"
. 
. Defining command \xeCJKDeclareCharClass with sig. 's>{\TrimSpaces }mm' on
. line 543.
.................................................
.................................................
. LaTeX info: "xparse/define-command"
. 
. Defining command \__xeCJK_set_char_class_aux:Nnw with sig.
. 'm>{\SplitArgument {1}{->}}m' on line 560.
.................................................
.................................................
. LaTeX info: "xparse/define-command"
. 
. Defining command \normalspacedchars with sig. 'm' on line 602.
.................................................
.................................................
. LaTeX info: "xparse/define-command"
. 
. Defining command \xeCJKResetPunctClass with sig. '' on line 609.
.................................................
.................................................
. LaTeX info: "xparse/define-command"
. 
. Defining command \xeCJKResetCharClass with sig. '' on line 617.
.................................................
\g__xeCJK_node_int=\count120
\c__xeCJK_CJK_node_dim=\dimen137
\c__xeCJK_CJK-space_node_dim=\dimen138
\c__xeCJK_default_node_dim=\dimen139
\c__xeCJK_default-space_node_dim=\dimen140
\c__xeCJK_CJK-widow_node_dim=\dimen141
\c__xeCJK_normalspace_node_dim=\dimen142
\l__xeCJK_ccglue_skip=\skip51
\l__xeCJK_ecglue_skip=\skip52
.................................................
. LaTeX info: "xparse/define-command"
. 
. Defining command \xeCJKnobreak with sig. '' on line 1394.
.................................................
\l__xeCJK_widow_penalty_int=\count121
.................................................
. LaTeX info: "xparse/define-command"
. 
. Defining command \xeCJKDeclareSubCJKBlock with sig. 's>{\TrimSpaces
. }m>{\TrimSpaces }m' on line 1590.
.................................................
.................................................
. LaTeX info: "xparse/define-command"
. 
. Defining command \xeCJKCancelSubCJKBlock with sig. 'sm' on line 1601.
.................................................
.................................................
. LaTeX info: "xparse/define-command"
. 
. Defining command \xeCJKRestoreSubCJKBlock with sig. 'sm' on line 1610.
.................................................
.................................................
. LaTeX info: "xparse/define-command"
. 
. Defining command \xeCJKsetwidth with sig. 'smm' on line 1708.
.................................................
.................................................
. LaTeX info: "xparse/define-command"
. 
. Defining command \xeCJKsetkern with sig. 'mmm' on line 1712.
.................................................
.................................................
. xtemplate info: "declare-object-type"
. 
. Declaring object type 'xeCJK/punctuation' taking \c_zero  argument(s) on
. line 1813.
.................................................
\l__xeCJK_fixed_punct_width_dim=\dimen143
\l__xeCJK_mixed_punct_width_dim=\dimen144
\l__xeCJK_middle_punct_width_dim=\dimen145
\l__xeCJK_fixed_margin_width_dim=\dimen146
\l__xeCJK_mixed_margin_width_dim=\dimen147
\l__xeCJK_middle_margin_width_dim=\dimen148
\l__xeCJK_bound_punct_width_dim=\dimen149
\l__xeCJK_bound_margin_width_dim=\dimen150
\l__xeCJK_margin_minimum_dim=\dimen151
\l__xeCJK_kerning_total_width_dim=\dimen152
\l__xeCJK_same_align_margin_dim=\dimen153
\l__xeCJK_different_align_margin_dim=\dimen154
\l__xeCJK_kerning_margin_width_dim=\dimen155
\l__xeCJK_kerning_margin_minimum_dim=\dimen156
\l__xeCJK_bound_dim=\dimen157
\l__xeCJK_reverse_bound_dim=\dimen158
.................................................
. LaTeX info: "xparse/define-command"
. 
. Defining command \xeCJKDeclarePunctStyle with sig. '>{\TrimSpaces }mm' on
. line 2298.
.................................................
.................................................
. LaTeX info: "xparse/define-command"
. 
. Defining command \xeCJKEditPunctStyle with sig. '>{\TrimSpaces }mm' on line
. 2311.
.................................................
.................................................
. LaTeX info: "xparse/define-command"
. 
. Defining command \setCJKfallbackfamilyfont with sig. 'mO{}m' on line 2399.
.................................................
\g__xeCJK_family_int=\count122
.................................................
. LaTeX info: "xparse/define-command"
. 
. Defining command \CJKfamily with sig. 't+t-m' on line 2823.
.................................................
.................................................
. LaTeX info: "xparse/define-command"
. 
. Defining command \__xeCJK_gobble_CJKfamily:wn with sig. 't+t-m' on line
. 2837.
.................................................
.................................................
. LaTeX info: "xparse/define-command"
. 
. Defining command \setCJKmainfont with sig. 'O{}m' on line 2887.
.................................................
.................................................
. LaTeX info: "xparse/define-command"
. 
. Defining command \setCJKsansfont with sig. 'O{}m' on line 2893.
.................................................
.................................................
. LaTeX info: "xparse/define-command"
. 
. Defining command \setCJKmonofont with sig. 'O{}m' on line 2898.
.................................................
.................................................
. LaTeX info: "xparse/define-command"
. 
. Defining command \setCJKfamilyfont with sig. 'mO{}m' on line 2905.
.................................................
.................................................
. LaTeX info: "xparse/define-command"
. 
. Defining command \newCJKfontfamily with sig. 'omO{}m' on line 2911.
.................................................
.................................................
. LaTeX info: "xparse/define-command"
. 
. Defining command \CJKfontspec with sig. 'O{}m' on line 2916.
.................................................
.................................................
. LaTeX info: "xparse/define-command"
. 
. Defining command \defaultCJKfontfeatures with sig. 'm' on line 2939.
.................................................
.................................................
. LaTeX info: "xparse/define-command"
. 
. Defining command \addCJKfontfeatures with sig. 'sO{}m' on line 2945.
.................................................
.................................................
. LaTeX info: "xparse/define-command"
. 
. Defining command \setCJKmathfont with sig. 'O{}m' on line 3115.
.................................................
\l__xeCJK_verb_case_int=\count123
.................................................
. LaTeX info: "xparse/define-command"
. 
. Defining command \xeCJKVerbAddon with sig. '' on line 3268.
.................................................
.................................................
. LaTeX info: "xparse/define-command"
. 
. Defining command \xeCJKOffVerbAddon with sig. '' on line 3272.
.................................................
\l__xeCJK_verb_exspace_skip=\skip53
 (/usr/local/texlive/2015/texmf-dist/tex/latex/fontspec/fontspec.sty
Package: fontspec 2015/03/14 v2.4c Font selection for XeLaTeX and LuaLaTeX
\l_fontspec_script_int=\count124
\l_fontspec_language_int=\count125
\l_fontspec_strnum_int=\count126
\l__fontspec_tmpa_dim=\dimen159
\l__fontspec_tmpb_dim=\dimen160
\l__fontspec_tmpc_dim=\dimen161
Variant \tl_gset:cV already defined; not changing it on line 71
 (/usr/local/texlive/2015/texmf-dist/tex/latex/fontspec/fontspec-patches.sty
Package: fontspec-patches 2015/03/14 v2.4c Font selection for XeLaTeX and LuaLaTeX
LaTeX Info: Redefining \em on input line 49.
LaTeX Info: Redefining \emph on input line 57.
LaTeX Info: Redefining \- on input line 60.
.................................................
. LaTeX info: "xparse/redefine-command"
. 
. Redefining command \oldstylenums with sig. 'm' on line 155.
.................................................
.................................................
. LaTeX info: "xparse/define-command"
. 
. Defining command \liningnums with sig. 'm' on line 159.
.................................................
) (/usr/local/texlive/2015/texmf-dist/tex/latex/fontspec/fontspec-xetex.sty
Package: fontspec-xetex 2015/03/14 v2.4c Font selection for XeLaTeX and LuaLaTeX
 (/usr/local/texlive/2015/texmf-dist/tex/latex/base/fontenc.sty
Package: fontenc 2005/09/27 v1.99g Standard LaTeX package

(/usr/local/texlive/2015/texmf-dist/tex/latex/euenc/eu1enc.def
File: eu1enc.def 2010/05/27 v0.1h Experimental Unicode font encodings
)
LaTeX Font Info:    Try loading font information for EU1+lmr on input line 105.
 (/usr/local/texlive/2015/texmf-dist/tex/latex/euenc/eu1lmr.fd
File: eu1lmr.fd 2009/10/30 v1.6 Font defs for Latin Modern
)) (/usr/local/texlive/2015/texmf-dist/tex/xelatex/xunicode/xunicode.sty
File: xunicode.sty 2011/09/09 v0.981 provides access to latin accents and many other characters in Unicode lower plane
 (/usr/local/texlive/2015/texmf-dist/tex/latex/tipa/t3enc.def
File: t3enc.def 2001/12/31 T3 encoding
LaTeX Font Info:    Try loading font information for EU1+lmss on input line 357.
 (/usr/local/texlive/2015/texmf-dist/tex/latex/euenc/eu1lmss.fd
File: eu1lmss.fd 2009/10/30 v1.6 Font defs for Latin Modern
))
\tipaTiiicode=\count127
\tipasavetokens=\toks14
\tipachecktokens=\toks15
 (/usr/local/texlive/2015/texmf-dist/tex/latex/graphics/graphicx.sty
Package: graphicx 2014/10/28 v1.0g Enhanced LaTeX Graphics (DPC,SPQR)
 (/usr/local/texlive/2015/texmf-dist/tex/latex/graphics/keyval.sty
Package: keyval 2014/10/28 v1.15 key=value parser (DPC)
\KV@toks@=\toks16
) (/usr/local/texlive/2015/texmf-dist/tex/latex/graphics/graphics.sty
Package: graphics 2014/10/28 v1.0p Standard LaTeX Graphics (DPC,SPQR)
 (/usr/local/texlive/2015/texmf-dist/tex/latex/graphics/trig.sty
Package: trig 1999/03/16 v1.09 sin cos tan (DPC)
) (/usr/local/texlive/2015/texmf-dist/tex/latex/latexconfig/graphics.cfg
File: graphics.cfg 2010/04/23 v1.9 graphics configuration of TeX Live
)
Package graphics Info: Driver file: xetex.def on input line 94.
 (/usr/local/texlive/2015/texmf-dist/tex/xelatex/xetex-def/xetex.def
File: xetex.def 2015/03/25 v4.04 LaTeX color/graphics driver for XeTeX (TeX Live/RRM/JK)
))
\Gin@req@height=\dimen162
\Gin@req@width=\dimen163
))
.................................................
. LaTeX info: "xparse/define-command"
. 
. Defining command \__fontspec_post_arg:w with sig. 'mmO{}' on line 42.
.................................................
.................................................
. LaTeX info: "xparse/define-command"
. 
. Defining command \fontspec with sig. 'om' on line 44.
.................................................
.................................................
. LaTeX info: "xparse/define-command"
. 
. Defining command \setmainfont with sig. 'om' on line 54.
.................................................
.................................................
. LaTeX info: "xparse/define-command"
. 
. Defining command \setsansfont with sig. 'om' on line 64.
.................................................
.................................................
. LaTeX info: "xparse/define-command"
. 
. Defining command \setmonofont with sig. 'om' on line 74.
.................................................
.................................................
. LaTeX info: "xparse/define-command"
. 
. Defining command \setmathrm with sig. 'om' on line 88.
.................................................
.................................................
. LaTeX info: "xparse/define-command"
. 
. Defining command \setboldmathrm with sig. 'om' on line 96.
.................................................
.................................................
. LaTeX info: "xparse/define-command"
. 
. Defining command \setmathsf with sig. 'om' on line 104.
.................................................
.................................................
. LaTeX info: "xparse/define-command"
. 
. Defining command \setmathtt with sig. 'om' on line 112.
.................................................
.................................................
. LaTeX info: "xparse/define-command"
. 
. Defining command \newfontfamily with sig. 'mom' on line 126.
.................................................
.................................................
. LaTeX info: "xparse/define-command"
. 
. Defining command \newfontface with sig. 'mom' on line 141.
.................................................
.................................................
. LaTeX info: "xparse/define-command"
. 
. Defining command \defaultfontfeatures with sig. 't+om' on line 155.
.................................................
.................................................
. LaTeX info: "xparse/define-command"
. 
. Defining command \addfontfeatures with sig. 'm' on line 210.
.................................................
.................................................
. LaTeX info: "xparse/define-command"
. 
. Defining command \newfontfeature with sig. 'mm' on line 221.
.................................................
.................................................
. LaTeX info: "xparse/define-command"
. 
. Defining command \newAATfeature with sig. 'mmmm' on line 229.
.................................................
.................................................
. LaTeX info: "xparse/define-command"
. 
. Defining command \newopentypefeature with sig. 'mmm' on line 237.
.................................................
.................................................
. LaTeX info: "xparse/define-command"
. 
. Defining command \aliasfontfeature with sig. 'mm' on line 261.
.................................................
.................................................
. LaTeX info: "xparse/define-command"
. 
. Defining command \aliasfontfeatureoption with sig. 'mmm' on line 270.
.................................................
.................................................
. LaTeX info: "xparse/define-command"
. 
. Defining command \newfontscript with sig. 'mm' on line 275.
.................................................
.................................................
. LaTeX info: "xparse/define-command"
. 
. Defining command \newfontlanguage with sig. 'mm' on line 301.
.................................................
.................................................
. LaTeX info: "xparse/define-command"
. 
. Defining command \DeclareFontsExtensions with sig. 'm' on line 321.
.................................................
Variant \prop_gput:cnV already defined; not changing it on line 704
Variant \prop_gput:cnx already defined; not changing it on line 705
\l__fontspec_tmp_int=\count128
LaTeX Info: Redefining \itshape on input line 2232.
LaTeX Info: Redefining \slshape on input line 2237.
LaTeX Info: Redefining \scshape on input line 2242.
LaTeX Info: Redefining \upshape on input line 2247.
 (/usr/local/texlive/2015/texmf-dist/tex/latex/fontspec/fontspec.cfg))) (/usr/local/texlive/2015/texmf-dist/tex/xelatex/xecjk/xunicode-addon.sty
Package: xunicode-addon 2015/05/15 v3.3.2 addon file for xunicode
.................................................
. LaTeX info: "xparse/redefine-command"
. 
. Redefining command \ReloadXunicode with sig. 'm' on line 89.
.................................................
.................................................
. LaTeX info: "xparse/redefine-command"
. 
. Redefining command \DeclareUTFmathsymbols with sig. 'm' on line 124.
.................................................
.................................................
. LaTeX info: "xparse/redefine-command"
. 
. Redefining command \UseMathAsText with sig. '' on line 133.
.................................................
.................................................
. LaTeX info: "xparse/redefine-command"
. 
. Redefining command \UndeclareUTFcharacter with sig. 'O{\UTFencname }mm' on
. line 168.
.................................................
.................................................
. LaTeX info: "xparse/redefine-command"
. 
. Redefining command \UndeclareUTFcomposite with sig. 'O{\UTFencname }mmm' on
. line 175.
.................................................
.................................................
. LaTeX info: "xparse/redefine-command"
. 
. Redefining command \DeclareUTFcharacter with sig. 'O{\UTFencname }mm' on
. line 202.
.................................................
.................................................
. LaTeX info: "xparse/define-command"
. 
. Defining command \DeclareUTFSymbol with sig. 'mO{\UTFencname }m' on line
. 228.
.................................................
.................................................
. LaTeX info: "xparse/define-command"
. 
. Defining command \DeclareUTFCommand with sig. 'mO{\UTFencname }m' on line
. 230.
.................................................
.................................................
. LaTeX info: "xparse/redefine-command"
. 
. Redefining command \DeclareUTFcomposite with sig. 'O{\UTFencname }mmm' on
. line 273.
.................................................
.................................................
. LaTeX info: "xparse/define-command"
. 
. Defining command \DeclareUTFCompositeCommand with sig. 'mO{\UTFencname }mm'
. on line 286.
.................................................
.................................................
. LaTeX info: "xparse/define-command"
. 
. Defining command \DeclareUTFCompositeSymbol with sig. 'mO{\UTFencname }mm'
. on line 291.
.................................................
.................................................
. LaTeX info: "xparse/define-command"
. 
. Defining command \DeclareUTFComposite with sig. 'mO{\UTFencname }' on line
. 293.
.................................................
.................................................
. LaTeX info: "xparse/define-command"
. 
. Defining command \DeclareUTFEncodedAccent with sig. 'mO{\UTFencname }mm' on
. line 295.
.................................................
.................................................
. LaTeX info: "xparse/define-command"
. 
. Defining command \DeclareUTFEncodedAccents with sig. 'mO{\UTFencname }mm' on
. line 297.
.................................................
.................................................
. LaTeX info: "xparse/define-command"
. 
. Defining command \DeclareUTFEncodedSymbol with sig. 'mO{\UTFencname }mm' on
. line 299.
.................................................
.................................................
. LaTeX info: "xparse/define-command"
. 
. Defining command \DeclareUTFEncodedCircle with sig. 'mO{\UTFencname }mm' on
. line 301.
.................................................
.................................................
. LaTeX info: "xparse/redefine-command"
. 
. Redefining command \DeclareEncodedCompositeCharacter with sig. 'mmmm' on
. line 303.
.................................................
.................................................
. LaTeX info: "xparse/redefine-command"
. 
. Redefining command \DeclareEncodedCompositeAccents with sig. 'mmmm' on line
. 305.
.................................................
.................................................
. LaTeX info: "xparse/define-command"
. 
. Defining command \DeclareUTFDoubleEncodedAccent with sig. 'mO{\UTFencname
. }mm' on line 307.
.................................................
.................................................
. LaTeX info: "xparse/define-command"
. 
. Defining command \DeclareUTFDoubleEncodedSymbol with sig. 'mO{\UTFencname
. }mm' on line 309.
.................................................
\l__xunadd_tmp_coffin=\box42
\l__xunadd_circle_coffin=\box43
.................................................
. LaTeX info: "xparse/define-command"
. 
. Defining command \settextcircledratio with sig. 'm' on line 460.
.................................................
.................................................
. LaTeX info: "xparse/define-command"
. 
. Defining command \AtBeginUTFCommand with sig. 'sO{}+m' on line 529.
.................................................
.................................................
. LaTeX info: "xparse/define-command"
. 
. Defining command \AtEndUTFCommand with sig. 'sO{}+m' on line 539.
.................................................
.................................................
. LaTeX info: "xparse/define-command"
. 
. Defining command \DeclareUTFTIPACommand with sig. 'O{\UTFencname }m' on line
. 571.
.................................................
)
\g__file_internal_ior=\read1
 (/usr/local/texlive/2015/texmf-dist/tex/xelatex/xunicode/xunicode.sty
File: xunicode.sty 2011/09/09 v0.981 provides access to latin accents and many other characters in Unicode lower plane

*** Reloading Xunicode for encoding 'EU1' ***
) (/usr/local/texlive/2015/texmf-dist/tex/xelatex/xecjk/xunicode-extra.def
File: xunicode-extra.def 2015/05/15 v3.3.2 extra definition for xunicode
)
.................................................
. LaTeX info: "xparse/define-command"
. 
. Defining command \xeCJKsetup with sig. '+m' on line 3572.
.................................................
.................................................
. LaTeX info: "xparse/define-command"
. 
. Defining command \xeCJKsetemboldenfactor with sig. 'm' on line 3574.
.................................................
.................................................
. LaTeX info: "xparse/define-command"
. 
. Defining command \xeCJKsetslantfactor with sig. 'm' on line 3576.
.................................................
.................................................
. LaTeX info: "xparse/define-command"
. 
. Defining command \punctstyle with sig. 'm' on line 3577.
.................................................
.................................................
. LaTeX info: "xparse/define-command"
. 
. Defining command \xeCJKplainchr with sig. '' on line 3578.
.................................................
.................................................
. LaTeX info: "xparse/define-command"
. 
. Defining command \CJKsetecglue with sig. 'm' on line 3579.
.................................................
.................................................
. LaTeX info: "xparse/define-command"
. 
. Defining command \CJKspace with sig. '' on line 3581.
.................................................
.................................................
. LaTeX info: "xparse/define-command"
. 
. Defining command \CJKnospace with sig. '' on line 3582.
.................................................
.................................................
. LaTeX info: "xparse/define-command"
. 
. Defining command \xeCJKallowbreakbetweenpuncts with sig. '' on line 3584.
.................................................
.................................................
. LaTeX info: "xparse/define-command"
. 
. Defining command \xeCJKnobreakbetweenpuncts with sig. '' on line 3586.
.................................................
.................................................
. LaTeX info: "xparse/define-command"
. 
. Defining command \xeCJKenablefallback with sig. '' on line 3588.
.................................................
.................................................
. LaTeX info: "xparse/define-command"
. 
. Defining command \xeCJKdisablefallback with sig. '' on line 3590.
.................................................
.................................................
. LaTeX info: "xparse/define-command"
. 
. Defining command \xeCJKsetcharclass with sig. 'mmm' on line 3595.
.................................................
.................................................
. LaTeX info: "xparse/redefine-command"
. 
. Redefining command \nobreakspace with sig. '' on line 3714.
.................................................
.................................................
. LaTeX info: "xparse/redefine-command"
. 
. Redefining command \fontfamily with sig. 'm' on line 3760.
.................................................
 (/usr/local/texlive/2015/texmf-dist/tex/xelatex/xecjk/xeCJK.cfg
File: xeCJK.cfg 2015/05/15 v3.3.2 Configuration file for xeCJK package
))
*************************************************
* fontspec warning: "script-not-exist"
* 
* Font 'STSongti-TC-Light' does not contain script 'CJK'.
*************************************************
\g__fontspec_family_STSongti-TC-Light_int=\count129
.................................................
. fontspec info: "defining-font"
. 
. Font family 'STSongti-TC-Light(0)' created for font 'STSongti-TC-Light' with
. options
. [Script={CJK},Mapping={tex-text},AutoFakeBold={4},AutoFakeSlant={0.167}].
. 
. This font family consists of the following shapes:
. 
. * 'normal' with NFSS spec.:
. <->"STSongti-TC-Light/OT:mapping=tex-text;"
. 
. * 'small caps' with NFSS spec.:
. 
. and font adjustment code:
. 
. 
. * 'bold' with NFSS spec.:
. <->"STSongti-TC-Light/OT:mapping=tex-text;embolden=4;"
. 
. * 'bold small caps' with NFSS spec.:
. 
. and font adjustment code:
. 
. 
. * 'italic' with NFSS spec.:
. <->"STSongti-TC-Light/OT:mapping=tex-text;slant=0.167;"
. 
. * 'small caps' with NFSS spec.:
. 
. and font adjustment code:
. 
. 
. * 'bold italic' with NFSS spec.:
. <->"STSongti-TC-Light/OT:mapping=tex-text;embolden=4;slant=0.167;"
. 
. * 'bold small caps' with NFSS spec.:
. 
. and font adjustment code:
. 
.................................................
(/usr/local/texlive/2015/texmf-dist/tex/latex/caption/caption.sty
Package: caption 2013/05/02 v3.3-89 Customizing captions (AR)
 (/usr/local/texlive/2015/texmf-dist/tex/latex/caption/caption3.sty
Package: caption3 2013/05/02 v1.6-88 caption3 kernel (AR)
Package caption3 Info: TeX engine: e-TeX on input line 57.
\captionmargin=\dimen164
\captionmargin@=\dimen165
\captionwidth=\dimen166
\caption@tempdima=\dimen167
\caption@indent=\dimen168
\caption@parindent=\dimen169
\caption@hangindent=\dimen170
)
\c@ContinuedFloat=\count130
) (/usr/local/texlive/2015/texmf-dist/tex/latex/wallpaper/wallpaper.sty
Package: wallpaper 2005/01/18, v1.01 easy wallpaper formatting (MHFW)
 (/usr/local/texlive/2015/texmf-dist/tex/latex/base/ifthen.sty
Package: ifthen 2014/09/29 v1.1c Standard LaTeX ifthen package (DPC)
) (/usr/local/texlive/2015/texmf-dist/tex/latex/tools/calc.sty
Package: calc 2014/10/28 v4.3 Infix arithmetic (KKT,FJ)
\calc@Acount=\count131
\calc@Bcount=\count132
\calc@Adimen=\dimen171
\calc@Bdimen=\dimen172
\calc@Askip=\skip54
\calc@Bskip=\skip55
LaTeX Info: Redefining \setlength on input line 80.
LaTeX Info: Redefining \addtolength on input line 81.
\calc@Ccount=\count133
\calc@Cskip=\skip56
) (/usr/local/texlive/2015/texmf-dist/tex/latex/eso-pic/eso-pic.sty
Package: eso-pic 2015/04/20 v2.0e eso-pic (RN)
 (/usr/local/texlive/2015/texmf-dist/tex/generic/oberdiek/atbegshi.sty
Package: atbegshi 2011/10/05 v1.16 At begin shipout hook (HO)
 (/usr/local/texlive/2015/texmf-dist/tex/generic/oberdiek/infwarerr.sty
Package: infwarerr 2010/04/08 v1.3 Providing info/warning/error messages (HO)
) (/usr/local/texlive/2015/texmf-dist/tex/generic/oberdiek/ltxcmds.sty
Package: ltxcmds 2011/11/09 v1.22 LaTeX kernel commands for general use (HO)
) (/usr/local/texlive/2015/texmf-dist/tex/generic/oberdiek/ifpdf.sty
Package: ifpdf 2011/01/30 v2.3 Provides the ifpdf switch (HO)
Package ifpdf Info: pdfTeX in PDF mode is not detected.
)) (/usr/local/texlive/2015/texmf-dist/tex/latex/xcolor/xcolor.sty
Package: xcolor 2007/01/21 v2.11 LaTeX color extensions (UK)
 (/usr/local/texlive/2015/texmf-dist/tex/latex/latexconfig/color.cfg
File: color.cfg 2007/01/18 v1.5 color configuration of teTeX/TeXLive
)
Package xcolor Info: Driver file: xetex.def on input line 225.
Package xcolor Info: Model `cmy' substituted by `cmy0' on input line 1337.
Package xcolor Info: Model `RGB' extended on input line 1353.
Package xcolor Info: Model `HTML' substituted by `rgb' on input line 1355.
Package xcolor Info: Model `Hsb' substituted by `hsb' on input line 1356.
Package xcolor Info: Model `tHsb' substituted by `hsb' on input line 1357.
Package xcolor Info: Model `HSB' substituted by `hsb' on input line 1358.
Package xcolor Info: Model `Gray' substituted by `gray' on input line 1359.
Package xcolor Info: Model `wave' substituted by `hsb' on input line 1360.
))
\wpXoffset=\skip57
\wpYoffset=\skip58
\tileXoffset=\skip59
\tileYoffset=\skip60
\tilewidth=\skip61
\tileheight=\skip62
\tileX=\skip63
\tileY=\skip64
) (/usr/local/texlive/2015/texmf-dist/tex/latex/amsmath/amsmath.sty
Package: amsmath 2013/01/14 v2.14 AMS math features
\@mathmargin=\skip65

For additional information on amsmath, use the `?' option.
(/usr/local/texlive/2015/texmf-dist/tex/latex/amsmath/amstext.sty
Package: amstext 2000/06/29 v2.01
 (/usr/local/texlive/2015/texmf-dist/tex/latex/amsmath/amsgen.sty
File: amsgen.sty 1999/11/30 v2.0
\@emptytoks=\toks17
\ex@=\dimen173
)) (/usr/local/texlive/2015/texmf-dist/tex/latex/amsmath/amsbsy.sty
Package: amsbsy 1999/11/29 v1.2d
\pmbraise@=\dimen174
) (/usr/local/texlive/2015/texmf-dist/tex/latex/amsmath/amsopn.sty
Package: amsopn 1999/12/14 v2.01 operator names
)
\inf@bad=\count134
LaTeX Info: Redefining \frac on input line 210.
\uproot@=\count135
\leftroot@=\count136
LaTeX Info: Redefining \overline on input line 306.
\classnum@=\count137
\DOTSCASE@=\count138
LaTeX Info: Redefining \ldots on input line 378.
LaTeX Info: Redefining \dots on input line 381.
LaTeX Info: Redefining \cdots on input line 466.
\Mathstrutbox@=\box44
\strutbox@=\box45
\big@size=\dimen175
LaTeX Font Info:    Redeclaring font encoding OML on input line 566.
LaTeX Font Info:    Redeclaring font encoding OMS on input line 567.
\macc@depth=\count139
\c@MaxMatrixCols=\count140
\dotsspace@=\muskip17
\c@parentequation=\count141
\dspbrk@lvl=\count142
\tag@help=\toks18
\row@=\count143
\column@=\count144
\maxfields@=\count145
\andhelp@=\toks19
\eqnshift@=\dimen176
\alignsep@=\dimen177
\tagshift@=\dimen178
\tagwidth@=\dimen179
\totwidth@=\dimen180
\lineht@=\dimen181
\@envbody=\toks20
\multlinegap=\skip66
\multlinetaggap=\skip67
\mathdisplay@stack=\toks21
LaTeX Info: Redefining \[ on input line 2665.
LaTeX Info: Redefining \] on input line 2666.
) (/usr/local/texlive/2015/texmf-dist/tex/latex/pdfpages/pdfpages.sty
Package: pdfpages 2015/05/11 v0.4x Insert pages of external PDF documents (AM)
\AM@pagewidth=\dimen182
\AM@pageheight=\dimen183
 (/usr/local/texlive/2015/texmf-dist/tex/latex/pdfpages/ppxetex.def
File: ppxetex.def 2015/05/11 v0.4x Pdfpages driver for XeTeX (AM)
)
\AM@pagebox=\box46
\AM@toc@title=\toks22
\c@AM@survey=\count146
\AM@templatesizebox=\box47
) (/usr/local/texlive/2015/texmf-dist/tex/latex/placeins/placeins.sty
Package: placeins 2005/04/18  v 2.2
) (/usr/local/texlive/2015/texmf-dist/tex/latex/pgf/frontendlayer/tikz.sty (/usr/local/texlive/2015/texmf-dist/tex/latex/pgf/basiclayer/pgf.sty (/usr/local/texlive/2015/texmf-dist/tex/latex/pgf/utilities/pgfrcs.sty (/usr/local/texlive/2015/texmf-dist/tex/generic/pgf/utilities/pgfutil-common.tex
\pgfutil@everybye=\toks23
\pgfutil@tempdima=\dimen184
\pgfutil@tempdimb=\dimen185
 (/usr/local/texlive/2015/texmf-dist/tex/generic/pgf/utilities/pgfutil-common-lists.tex)) (/usr/local/texlive/2015/texmf-dist/tex/generic/pgf/utilities/pgfutil-latex.def
\pgfutil@abb=\box48
 (/usr/local/texlive/2015/texmf-dist/tex/latex/ms/everyshi.sty
Package: everyshi 2001/05/15 v3.00 EveryShipout Package (MS)
))
(/usr/local/texlive/2015/texmf-dist/tex/generic/pgf/utilities/pgfrcs.code.tex
Package: pgfrcs 2013/12/20 v3.0.0 (rcs-revision 1.28)
))
Package: pgf 2013/12/18 v3.0.0 (rcs-revision 1.14)
 (/usr/local/texlive/2015/texmf-dist/tex/latex/pgf/basiclayer/pgfcore.sty (/usr/local/texlive/2015/texmf-dist/tex/latex/pgf/systemlayer/pgfsys.sty (/usr/local/texlive/2015/texmf-dist/tex/generic/pgf/systemlayer/pgfsys.code.tex
Package: pgfsys 2013/11/30 v3.0.0 (rcs-revision 1.47)
 (/usr/local/texlive/2015/texmf-dist/tex/generic/pgf/utilities/pgfkeys.code.tex
\pgfkeys@pathtoks=\toks24
\pgfkeys@temptoks=\toks25
 (/usr/local/texlive/2015/texmf-dist/tex/generic/pgf/utilities/pgfkeysfiltered.code.tex
\pgfkeys@tmptoks=\toks26
))
\pgf@x=\dimen186
\pgf@y=\dimen187
\pgf@xa=\dimen188
\pgf@ya=\dimen189
\pgf@xb=\dimen190
\pgf@yb=\dimen191
\pgf@xc=\dimen192
\pgf@yc=\dimen193
\w@pgf@writea=\write3
\r@pgf@reada=\read2
\c@pgf@counta=\count147
\c@pgf@countb=\count148
\c@pgf@countc=\count149
\c@pgf@countd=\count150
\t@pgf@toka=\toks27
\t@pgf@tokb=\toks28
\t@pgf@tokc=\toks29
 (/usr/local/texlive/2015/texmf-dist/tex/generic/pgf/systemlayer/pgf.cfg
File: pgf.cfg 2008/05/14  (rcs-revision 1.7)
)
Driver file for pgf: pgfsys-xetex.def
 (/usr/local/texlive/2015/texmf-dist/tex/generic/pgf/systemlayer/pgfsys-xetex.def
File: pgfsys-xetex.def 2013/07/16  (rcs-revision 1.9)
 (/usr/local/texlive/2015/texmf-dist/tex/generic/pgf/systemlayer/pgfsys-dvipdfmx.def
File: pgfsys-dvipdfmx.def 2013/08/28  (rcs-revision 1.12)
 (/usr/local/texlive/2015/texmf-dist/tex/generic/pgf/systemlayer/pgfsys-common-pdf.def
File: pgfsys-common-pdf.def 2013/10/10  (rcs-revision 1.13)
)
\pgfsys@objnum=\count151
))) (/usr/local/texlive/2015/texmf-dist/tex/generic/pgf/systemlayer/pgfsyssoftpath.code.tex
File: pgfsyssoftpath.code.tex 2013/09/09  (rcs-revision 1.9)
\pgfsyssoftpath@smallbuffer@items=\count152
\pgfsyssoftpath@bigbuffer@items=\count153
) (/usr/local/texlive/2015/texmf-dist/tex/generic/pgf/systemlayer/pgfsysprotocol.code.tex
File: pgfsysprotocol.code.tex 2006/10/16  (rcs-revision 1.4)
))
(/usr/local/texlive/2015/texmf-dist/tex/generic/pgf/basiclayer/pgfcore.code.tex
Package: pgfcore 2010/04/11 v3.0.0 (rcs-revision 1.7)
 (/usr/local/texlive/2015/texmf-dist/tex/generic/pgf/math/pgfmath.code.tex (/usr/local/texlive/2015/texmf-dist/tex/generic/pgf/math/pgfmathcalc.code.tex (/usr/local/texlive/2015/texmf-dist/tex/generic/pgf/math/pgfmathutil.code.tex) (/usr/local/texlive/2015/texmf-dist/tex/generic/pgf/math/pgfmathparser.code.tex
\pgfmath@dimen=\dimen194
\pgfmath@count=\count154
\pgfmath@box=\box49
\pgfmath@toks=\toks30
\pgfmath@stack@operand=\toks31
\pgfmath@stack@operation=\toks32
) (/usr/local/texlive/2015/texmf-dist/tex/generic/pgf/math/pgfmathfunctions.code.tex (/usr/local/texlive/2015/texmf-dist/tex/generic/pgf/math/pgfmathfunctions.basic.code.tex) (/usr/local/texlive/2015/texmf-dist/tex/generic/pgf/math/pgfmathfunctions.trigonometric.code.tex) (/usr/local/texlive/2015/texmf-dist/tex/generic/pgf/math/pgfmathfunctions.random.code.tex) (/usr/local/texlive/2015/texmf-dist/tex/generic/pgf/math/pgfmathfunctions.comparison.code.tex) (/usr/local/texlive/2015/texmf-dist/tex/generic/pgf/math/pgfmathfunctions.base.code.tex)
(/usr/local/texlive/2015/texmf-dist/tex/generic/pgf/math/pgfmathfunctions.round.code.tex) (/usr/local/texlive/2015/texmf-dist/tex/generic/pgf/math/pgfmathfunctions.misc.code.tex) (/usr/local/texlive/2015/texmf-dist/tex/generic/pgf/math/pgfmathfunctions.integerarithmetics.code.tex))) (/usr/local/texlive/2015/texmf-dist/tex/generic/pgf/math/pgfmathfloat.code.tex
\c@pgfmathroundto@lastzeros=\count155
)) (/usr/local/texlive/2015/texmf-dist/tex/generic/pgf/basiclayer/pgfcorepoints.code.tex
File: pgfcorepoints.code.tex 2013/10/07  (rcs-revision 1.27)
\pgf@picminx=\dimen195
\pgf@picmaxx=\dimen196
\pgf@picminy=\dimen197
\pgf@picmaxy=\dimen198
\pgf@pathminx=\dimen199
\pgf@pathmaxx=\dimen200
\pgf@pathminy=\dimen201
\pgf@pathmaxy=\dimen202
\pgf@xx=\dimen203
\pgf@xy=\dimen204
\pgf@yx=\dimen205
\pgf@yy=\dimen206
\pgf@zx=\dimen207
\pgf@zy=\dimen208
) (/usr/local/texlive/2015/texmf-dist/tex/generic/pgf/basiclayer/pgfcorepathconstruct.code.tex
File: pgfcorepathconstruct.code.tex 2013/10/07  (rcs-revision 1.29)
\pgf@path@lastx=\dimen209
\pgf@path@lasty=\dimen210
) (/usr/local/texlive/2015/texmf-dist/tex/generic/pgf/basiclayer/pgfcorepathusage.code.tex
File: pgfcorepathusage.code.tex 2013/12/13  (rcs-revision 1.23)
\pgf@shorten@end@additional=\dimen211
\pgf@shorten@start@additional=\dimen212
) (/usr/local/texlive/2015/texmf-dist/tex/generic/pgf/basiclayer/pgfcorescopes.code.tex
File: pgfcorescopes.code.tex 2013/10/09  (rcs-revision 1.44)
\pgfpic=\box50
\pgf@hbox=\box51
\pgf@layerbox@main=\box52
\pgf@picture@serial@count=\count156
) (/usr/local/texlive/2015/texmf-dist/tex/generic/pgf/basiclayer/pgfcoregraphicstate.code.tex
File: pgfcoregraphicstate.code.tex 2013/09/19  (rcs-revision 1.11)
\pgflinewidth=\dimen213
) (/usr/local/texlive/2015/texmf-dist/tex/generic/pgf/basiclayer/pgfcoretransformations.code.tex
File: pgfcoretransformations.code.tex 2013/10/10  (rcs-revision 1.17)
\pgf@pt@x=\dimen214
\pgf@pt@y=\dimen215
\pgf@pt@temp=\dimen216
) (/usr/local/texlive/2015/texmf-dist/tex/generic/pgf/basiclayer/pgfcorequick.code.tex
File: pgfcorequick.code.tex 2008/10/09  (rcs-revision 1.3)
)
(/usr/local/texlive/2015/texmf-dist/tex/generic/pgf/basiclayer/pgfcoreobjects.code.tex
File: pgfcoreobjects.code.tex 2006/10/11  (rcs-revision 1.2)
) (/usr/local/texlive/2015/texmf-dist/tex/generic/pgf/basiclayer/pgfcorepathprocessing.code.tex
File: pgfcorepathprocessing.code.tex 2013/09/09  (rcs-revision 1.9)
) (/usr/local/texlive/2015/texmf-dist/tex/generic/pgf/basiclayer/pgfcorearrows.code.tex
File: pgfcorearrows.code.tex 2013/11/07  (rcs-revision 1.40)
\pgfarrowsep=\dimen217
) (/usr/local/texlive/2015/texmf-dist/tex/generic/pgf/basiclayer/pgfcoreshade.code.tex
File: pgfcoreshade.code.tex 2013/07/15  (rcs-revision 1.15)
\pgf@max=\dimen218
\pgf@sys@shading@range@num=\count157
) (/usr/local/texlive/2015/texmf-dist/tex/generic/pgf/basiclayer/pgfcoreimage.code.tex
File: pgfcoreimage.code.tex 2013/07/15  (rcs-revision 1.18)
 (/usr/local/texlive/2015/texmf-dist/tex/generic/pgf/basiclayer/pgfcoreexternal.code.tex
File: pgfcoreexternal.code.tex 2013/07/15  (rcs-revision 1.20)
\pgfexternal@startupbox=\box53
)) (/usr/local/texlive/2015/texmf-dist/tex/generic/pgf/basiclayer/pgfcorelayers.code.tex
File: pgfcorelayers.code.tex 2013/07/18  (rcs-revision 1.7)
) (/usr/local/texlive/2015/texmf-dist/tex/generic/pgf/basiclayer/pgfcoretransparency.code.tex
File: pgfcoretransparency.code.tex 2013/09/30  (rcs-revision 1.5)
) (/usr/local/texlive/2015/texmf-dist/tex/generic/pgf/basiclayer/pgfcorepatterns.code.tex
File: pgfcorepatterns.code.tex 2013/11/07  (rcs-revision 1.5)
))) (/usr/local/texlive/2015/texmf-dist/tex/generic/pgf/modules/pgfmoduleshapes.code.tex
File: pgfmoduleshapes.code.tex 2013/10/31  (rcs-revision 1.34)
\pgfnodeparttextbox=\box54
) (/usr/local/texlive/2015/texmf-dist/tex/generic/pgf/modules/pgfmoduleplot.code.tex
File: pgfmoduleplot.code.tex 2013/07/31  (rcs-revision 1.12)
)
(/usr/local/texlive/2015/texmf-dist/tex/latex/pgf/compatibility/pgfcomp-version-0-65.sty
Package: pgfcomp-version-0-65 2007/07/03 v3.0.0 (rcs-revision 1.7)
\pgf@nodesepstart=\dimen219
\pgf@nodesepend=\dimen220
) (/usr/local/texlive/2015/texmf-dist/tex/latex/pgf/compatibility/pgfcomp-version-1-18.sty
Package: pgfcomp-version-1-18 2007/07/23 v3.0.0 (rcs-revision 1.1)
)) (/usr/local/texlive/2015/texmf-dist/tex/latex/pgf/utilities/pgffor.sty (/usr/local/texlive/2015/texmf-dist/tex/latex/pgf/utilities/pgfkeys.sty (/usr/local/texlive/2015/texmf-dist/tex/generic/pgf/utilities/pgfkeys.code.tex)) (/usr/local/texlive/2015/texmf-dist/tex/latex/pgf/math/pgfmath.sty (/usr/local/texlive/2015/texmf-dist/tex/generic/pgf/math/pgfmath.code.tex)) (/usr/local/texlive/2015/texmf-dist/tex/generic/pgf/utilities/pgffor.code.tex
Package: pgffor 2013/12/13 v3.0.0 (rcs-revision 1.25)
 (/usr/local/texlive/2015/texmf-dist/tex/generic/pgf/math/pgfmath.code.tex)
\pgffor@iter=\dimen221
\pgffor@skip=\dimen222
\pgffor@stack=\toks33
\pgffor@toks=\toks34
)) (/usr/local/texlive/2015/texmf-dist/tex/generic/pgf/frontendlayer/tikz/tikz.code.tex
Package: tikz 2013/12/13 v3.0.0 (rcs-revision 1.142)
 (/usr/local/texlive/2015/texmf-dist/tex/generic/pgf/libraries/pgflibraryplothandlers.code.tex
File: pgflibraryplothandlers.code.tex 2013/08/31 v3.0.0 (rcs-revision 1.20)
\pgf@plot@mark@count=\count158
\pgfplotmarksize=\dimen223
)
\tikz@lastx=\dimen224
\tikz@lasty=\dimen225
\tikz@lastxsaved=\dimen226
\tikz@lastysaved=\dimen227
\tikzleveldistance=\dimen228
\tikzsiblingdistance=\dimen229
\tikz@figbox=\box55
\tikz@figbox@bg=\box56
\tikz@tempbox=\box57
\tikz@tempbox@bg=\box58
\tikztreelevel=\count159
\tikznumberofchildren=\count160
\tikznumberofcurrentchild=\count161
\tikz@fig@count=\count162
 (/usr/local/texlive/2015/texmf-dist/tex/generic/pgf/modules/pgfmodulematrix.code.tex
File: pgfmodulematrix.code.tex 2013/09/17  (rcs-revision 1.8)
\pgfmatrixcurrentrow=\count163
\pgfmatrixcurrentcolumn=\count164
\pgf@matrix@numberofcolumns=\count165
)
\tikz@expandcount=\count166

(/usr/local/texlive/2015/texmf-dist/tex/generic/pgf/frontendlayer/tikz/libraries/tikzlibrarytopaths.code.tex
File: tikzlibrarytopaths.code.tex 2008/06/17 v3.0.0 (rcs-revision 1.2)
))) (/usr/local/texlive/2015/texmf-dist/tex/latex/notoccite/notoccite.sty
Package: notoccite 2000/07/20
) (/usr/local/texlive/2015/texmf-dist/tex/generic/pgf/frontendlayer/tikz/libraries/tikzlibraryshapes.geometric.code.tex
File: tikzlibraryshapes.geometric.code.tex 2008/01/09 v3.0.0 (rcs-revision 1.1)
 (/usr/local/texlive/2015/texmf-dist/tex/generic/pgf/libraries/shapes/pgflibraryshapes.geometric.code.tex
File: pgflibraryshapes.geometric.code.tex 2008/06/26 v3.0.0 (rcs-revision 1.1)
)) (/usr/local/texlive/2015/texmf-dist/tex/generic/pgf/frontendlayer/tikz/libraries/tikzlibrarymatrix.code.tex
File: tikzlibrarymatrix.code.tex 2013/07/12 v3.0.0 (rcs-revision 1.4)
) (/usr/local/texlive/2015/texmf-dist/tex/generic/pgf/frontendlayer/tikz/libraries/tikzlibraryarrows.code.tex
File: tikzlibraryarrows.code.tex 2008/01/09 v3.0.0 (rcs-revision 1.1)
 (/usr/local/texlive/2015/texmf-dist/tex/generic/pgf/libraries/pgflibraryarrows.code.tex
File: pgflibraryarrows.code.tex 2013/09/23 v3.0.0 (rcs-revision 1.16)
\arrowsize=\dimen230
)) (/usr/local/texlive/2015/texmf-dist/tex/generic/pgf/frontendlayer/tikz/libraries/tikzlibrarypositioning.code.tex
File: tikzlibrarypositioning.code.tex 2008/10/06 v3.0.0 (rcs-revision 1.7)
) (/usr/local/texlive/2015/texmf-dist/tex/generic/pgf/frontendlayer/tikz/libraries/tikzlibrarycalc.code.tex
File: tikzlibrarycalc.code.tex 2013/07/15 v3.0.0 (rcs-revision 1.9)
)
(/usr/local/texlive/2015/texmf-dist/tex/generic/pgf/frontendlayer/tikz/libraries/tikzlibrarydecorations.pathreplacing.code.tex (/usr/local/texlive/2015/texmf-dist/tex/generic/pgf/frontendlayer/tikz/libraries/tikzlibrarydecorations.code.tex (/usr/local/texlive/2015/texmf-dist/tex/generic/pgf/modules/pgfmoduledecorations.code.tex
\pgfdecoratedcompleteddistance=\dimen231
\pgfdecoratedremainingdistance=\dimen232
\pgfdecoratedinputsegmentcompleteddistance=\dimen233
\pgfdecoratedinputsegmentremainingdistance=\dimen256
\pgf@decorate@distancetomove=\dimen257
\pgf@decorate@repeatstate=\count167
\pgfdecorationsegmentamplitude=\dimen258
\pgfdecorationsegmentlength=\dimen259
)
\tikz@lib@dec@box=\box59
) (/usr/local/texlive/2015/texmf-dist/tex/generic/pgf/libraries/decorations/pgflibrarydecorations.pathreplacing.code.tex)) (/usr/local/texlive/2015/texmf-dist/tex/latex/cancel/cancel.sty
Package: cancel 2013/04/12 v2.2 Cancel math terms
) (./main.aux)
\openout1 = `main.aux'.

LaTeX Font Info:    Checking defaults for OML/cmm/m/it on input line 65.
LaTeX Font Info:    ... okay on input line 65.
LaTeX Font Info:    Checking defaults for T1/cmr/m/n on input line 65.
LaTeX Font Info:    ... okay on input line 65.
LaTeX Font Info:    Checking defaults for OT1/cmr/m/n on input line 65.
LaTeX Font Info:    ... okay on input line 65.
LaTeX Font Info:    Checking defaults for OMS/cmsy/m/n on input line 65.
LaTeX Font Info:    ... okay on input line 65.
LaTeX Font Info:    Checking defaults for OMX/cmex/m/n on input line 65.
LaTeX Font Info:    ... okay on input line 65.
LaTeX Font Info:    Checking defaults for U/cmr/m/n on input line 65.
LaTeX Font Info:    ... okay on input line 65.
LaTeX Font Info:    Checking defaults for EU1/lmr/m/n on input line 65.
LaTeX Font Info:    ... okay on input line 65.
LaTeX Font Info:    Checking defaults for T3/cmr/m/n on input line 65.
LaTeX Font Info:    Try loading font information for T3+cmr on input line 65.
 (/usr/local/texlive/2015/texmf-dist/tex/latex/tipa/t3cmr.fd
File: t3cmr.fd 2001/12/31 TIPA font definitions
)
LaTeX Font Info:    ... okay on input line 65.
.................................................
. fontspec info: "setup-math"
. 
. Adjusting the maths setup (use [no-math] to avoid this).
.................................................
\symlegacymaths=\mathgroup4
LaTeX Font Info:    Overwriting symbol font `legacymaths' in version `bold'
(Font)                  OT1/cmr/m/n --> OT1/cmr/bx/n on input line 65.
LaTeX Font Info:    Redeclaring math accent \acute on input line 65.
LaTeX Font Info:    Redeclaring math accent \grave on input line 65.
LaTeX Font Info:    Redeclaring math accent \ddot on input line 65.
LaTeX Font Info:    Redeclaring math accent \tilde on input line 65.
LaTeX Font Info:    Redeclaring math accent \bar on input line 65.
LaTeX Font Info:    Redeclaring math accent \breve on input line 65.
LaTeX Font Info:    Redeclaring math accent \check on input line 65.
LaTeX Font Info:    Redeclaring math accent \hat on input line 65.
LaTeX Font Info:    Redeclaring math accent \dot on input line 65.
LaTeX Font Info:    Redeclaring math accent \mathring on input line 65.
LaTeX Font Info:    Redeclaring math symbol \Gamma on input line 65.
LaTeX Font Info:    Redeclaring math symbol \Delta on input line 65.
LaTeX Font Info:    Redeclaring math symbol \Theta on input line 65.
LaTeX Font Info:    Redeclaring math symbol \Lambda on input line 65.
LaTeX Font Info:    Redeclaring math symbol \Xi on input line 65.
LaTeX Font Info:    Redeclaring math symbol \Pi on input line 65.
LaTeX Font Info:    Redeclaring math symbol \Sigma on input line 65.
LaTeX Font Info:    Redeclaring math symbol \Upsilon on input line 65.
LaTeX Font Info:    Redeclaring math symbol \Phi on input line 65.
LaTeX Font Info:    Redeclaring math symbol \Psi on input line 65.
LaTeX Font Info:    Redeclaring math symbol \Omega on input line 65.
LaTeX Font Info:    Redeclaring math symbol \mathdollar on input line 65.
LaTeX Font Info:    Redeclaring symbol font `operators' on input line 65.
LaTeX Font Info:    Encoding `OT1' has changed to `EU1' for symbol font
(Font)              `operators' in the math version `normal' on input line 65.
LaTeX Font Info:    Overwriting symbol font `operators' in version `normal'
(Font)                  OT1/cmr/m/n --> EU1/lmr/m/n on input line 65.
LaTeX Font Info:    Encoding `OT1' has changed to `EU1' for symbol font
(Font)              `operators' in the math version `bold' on input line 65.
LaTeX Font Info:    Overwriting symbol font `operators' in version `bold'
(Font)                  OT1/cmr/bx/n --> EU1/lmr/m/n on input line 65.
LaTeX Font Info:    Overwriting symbol font `operators' in version `normal'
(Font)                  EU1/lmr/m/n --> EU1/lmr/m/n on input line 65.
LaTeX Font Info:    Overwriting math alphabet `\mathit' in version `normal'
(Font)                  OT1/cmr/m/it --> EU1/lmr/m/it on input line 65.
LaTeX Font Info:    Overwriting math alphabet `\mathbf' in version `normal'
(Font)                  OT1/cmr/bx/n --> EU1/lmr/bx/n on input line 65.
LaTeX Font Info:    Overwriting math alphabet `\mathsf' in version `normal'
(Font)                  OT1/cmss/m/n --> EU1/lmss/m/n on input line 65.
LaTeX Font Info:    Overwriting math alphabet `\mathtt' in version `normal'
(Font)                  OT1/cmtt/m/n --> EU1/lmtt/m/n on input line 65.
LaTeX Font Info:    Overwriting symbol font `operators' in version `bold'
(Font)                  EU1/lmr/m/n --> EU1/lmr/bx/n on input line 65.
LaTeX Font Info:    Overwriting math alphabet `\mathit' in version `bold'
(Font)                  OT1/cmr/bx/it --> EU1/lmr/bx/it on input line 65.
LaTeX Font Info:    Overwriting math alphabet `\mathsf' in version `bold'
(Font)                  OT1/cmss/bx/n --> EU1/lmss/bx/n on input line 65.
LaTeX Font Info:    Overwriting math alphabet `\mathtt' in version `bold'
(Font)                  OT1/cmtt/m/n --> EU1/lmtt/bx/n on input line 65.
Package caption Info: Begin \AtBeginDocument code.
Package caption Info: End \AtBeginDocument code.
\AtBeginShipoutBox=\box60
 ABD: EveryShipout initializing macros (./data/cover.tex
LaTeX Font Info:    Calculating math sizes for size <25> on input line 6.


LaTeX Font Warning: Font shape `OML/cmm/m/it' in size <12.5> not available
(Font)              size <12> substituted on input line 6.


LaTeX Font Warning: Font shape `OMS/cmsy/m/n' in size <12.5> not available
(Font)              size <12> substituted on input line 6.


LaTeX Font Warning: Font shape `OMX/cmex/m/n' in size <12.5> not available
(Font)              size <12> substituted on input line 6.


LaTeX Font Warning: Font shape `OT1/cmr/m/n' in size <12.5> not available
(Font)              size <12> substituted on input line 6.

)
Overfull \hbox (21.95847pt too wide) in paragraph at lines 28--69
[][]
 []


Underfull \hbox (badness 10000) in paragraph at lines 28--69

 []

[1

] (./data/abstract-en.tex
Overfull \hbox (4.9194pt too wide) in paragraph at lines 6--11
\EU1/lmr/m/n/12 Poly-silicon nanowire (SiNW) is a well-studied and interesting one-dimensional nanos-
 []

) (./data/acknowledgement.tex [1


]) [2

] (./main.toc [3

]
Overfull \vbox (8.448pt too high) has occurred while \output is active []

 [4]
Overfull \vbox (8.448pt too high) has occurred while \output is active []

 [5])
\tf@toc=\write4
\openout4 = `main.toc'.


Overfull \vbox (8.448pt too high) has occurred while \output is active []

 [6] (./main.lof
Overfull \hbox (2.33904pt too wide) in paragraph at lines 11--11
 [][] []\EU1/lmr/m/n/12 Concentration-dependent electric response($\OML/cmm/m/it/12 I[] \OMS/cmsy/m/n/12 ^^@ \OML/cmm/m/it/12 V[]$\EU1/lmr/m/n/12 ) of biotin-modified 
 []


Overfull \hbox (2.00412pt too wide) in paragraph at lines 16--16
 \EU1/lmr/m/n/12 devices. In \EU1/lmr/bx/n/12 (a)\EU1/lmr/m/n/12 , the measurement result of 1fM and 100fM biomolecule 
 []


Overfull \hbox (35.19368pt too wide) in paragraph at lines 17--17
 [][] []\EU1/lmr/m/n/12 Concentration-dependent $\OML/cmm/m/it/12 I[]$\EU1/lmr/m/n/12 -$\OML/cmm/m/it/12 V[]$ \EU1/lmr/m/n/12 curves with concentration of Na_PB(Buffer 
 []

[7

]
Overfull \vbox (8.448pt too high) has occurred while \output is active []

 [8]
Overfull \hbox (15.40855pt too wide) in paragraph at lines 39--39
 [][] []\EU1/lmr/m/n/12 The dc simulation results of TIA. The x-axis represents positive/negative 
 []


Overfull \vbox (8.448pt too high) has occurred while \output is active []

 [9]
Overfull \hbox (15.40855pt too wide) in paragraph at lines 62--62
 [][] []\EU1/lmr/m/n/12 The dc simulation results of TIA. The x-axis represents positive/negative 
 []


Overfull \vbox (8.448pt too high) has occurred while \output is active []

 [10]
Overfull \vbox (8.448pt too high) has occurred while \output is active []

 [11])
\tf@lof=\write5
\openout5 = `main.lof'.


Overfull \vbox (8.448pt too high) has occurred while \output is active []

 [12] (./data/chap1.tex
Chapter 1.
[1


]
Overfull \vbox (8.568pt too high) has occurred while \output is active []

 [2]) (./data/chap2.tex
Overfull \vbox (8.568pt too high) has occurred while \output is active []

 [3]
Chapter 2.
[4

]
File: images/chapter2/SourceFollower.png Graphic file (type QTm)
 <use  "images/chapter2/SourceFollower.png" >
Overfull \vbox (8.58pt too high) has occurred while \output is active []

 [5]
File: images/chapter2/ISFET.png Graphic file (type QTm)
 <use  "images/chapter2/ISFET.png" >
Overfull \vbox (8.58pt too high) has occurred while \output is active []

 [6]
File: images/chapter2/SourceFollower_wi_parasiticCap.png Graphic file (type QTm)
 <use  "images/chapter2/SourceFollower_wi_parasiticCap.png" >
Overfull \vbox (8.58pt too high) has occurred while \output is active []

 [7]
File: images/chapter2/uv1.png Graphic file (type QTm)
 <use  "images/chapter2/uv1.png" >
Overfull \vbox (8.58pt too high) has occurred while \output is active []

 [8]
File: images/chapter2/uv2.png Graphic file (type QTm)
 <use  "images/chapter2/uv2.png" >
Overfull \vbox (8.58pt too high) has occurred while \output is active []

 [9]
File: images/chapter2/lockin.png Graphic file (type QTm)
 <use  "images/chapter2/lockin.png" >
Overfull \vbox (8.58pt too high) has occurred while \output is active []

 [10]
LaTeX Font Info:    Try loading font information for EU1+ on input line 204.
LaTeX Font Info:    No file EU1.fd. on input line 204.


LaTeX Font Warning: Font shape `EU1//m/n' undefined
(Font)              using `EU1/lmr/m/n' instead on input line 204.


Overfull \vbox (8.58pt too high) has occurred while \output is active []

 [11]
Overfull \vbox (8.58pt too high) has occurred while \output is active []

 [12]
Overfull \vbox (8.58pt too high) has occurred while \output is active []

 [13]
Overfull \vbox (8.58pt too high) has occurred while \output is active []

 [14]
File: images/chapter2/kappa.png Graphic file (type QTm)
 <use  "images/chapter2/kappa.png" >
File: images/chapter2/kappa_liquid.png Graphic file (type QTm)
 <use  "images/chapter2/kappa_liquid.png" >
Overfull \vbox (8.58pt too high) has occurred while \output is active []

 [15]
Overfull \vbox (8.58pt too high) has occurred while \output is active []

 [16]
File: images/chapter2/DN18Fig3D.png Graphic file (type QTm)
 <use  "images/chapter2/DN18Fig3D.png" >) (./data/chap3.tex
Overfull \vbox (8.58pt too high) has occurred while \output is active []

 [17]
Chapter 3.

LaTeX Warning: Reference `fid:proccess' on page 18 undefined on input line 15.

File: images/chapter3/Nw.png Graphic file (type QTm)
<use  "images/chapter3/Nw.png" >
File: images/chapter3/Nw_section.png Graphic file (type QTm)
 <use  "images/chapter3/Nw_section.png" > [18

]
File: images/chapter3/NwFigProccess.png Graphic file (type QTm)
 <use  "images/chapter3/NwFigProccess.png" >
Overfull \vbox (8.568pt too high) has occurred while \output is active []

 [19]
File: images/chapter3/NW_phys.png Graphic file (type QTm)
 <use  "images/chapter3/NW_phys.png" >
Invalid UTF-8 byte or sequence at line 81 replaced by U+FFFD.
Invalid UTF-8 byte or sequence at line 81 replaced by U+FFFD.
Invalid UTF-8 byte or sequence at line 81 replaced by U+FFFD.
Invalid UTF-8 byte or sequence at line 81 replaced by U+FFFD.
Invalid UTF-8 byte or sequence at line 81 replaced by U+FFFD.
Invalid UTF-8 byte or sequence at line 81 replaced by U+FFFD.
Invalid UTF-8 byte or sequence at line 81 replaced by U+FFFD.
Invalid UTF-8 byte or sequence at line 81 replaced by U+FFFD.
Invalid UTF-8 byte or sequence at line 81 replaced by U+FFFD.
Invalid UTF-8 byte or sequence at line 81 replaced by U+FFFD.
File: images/chapter3/208_devices/L2-8_log.eps Graphic file (type eps)
 <images/chapter3/208_devices/L2-8_log.eps>
Invalid UTF-8 byte or sequence at line 87 replaced by U+FFFD.
Invalid UTF-8 byte or sequence at line 87 replaced by U+FFFD.
Invalid UTF-8 byte or sequence at line 87 replaced by U+FFFD.
Invalid UTF-8 byte or sequence at line 87 replaced by U+FFFD.
Invalid UTF-8 byte or sequence at line 87 replaced by U+FFFD.
Invalid UTF-8 byte or sequence at line 87 replaced by U+FFFD.
Invalid UTF-8 byte or sequence at line 87 replaced by U+FFFD.
Invalid UTF-8 byte or sequence at line 87 replaced by U+FFFD.
Invalid UTF-8 byte or sequence at line 87 replaced by U+FFFD.
Invalid UTF-8 byte or sequence at line 87 replaced by U+FFFD.
File: images/chapter3/208_devices/L2-10_log.eps Graphic file (type eps)
 <images/chapter3/208_devices/L2-10_log.eps>
Overfull \vbox (8.568pt too high) has occurred while \output is active []

 [20]
Overfull \vbox (8.568pt too high) has occurred while \output is active []

 [21]
Invalid UTF-8 byte or sequence at line 103 replaced by U+FFFD.
Invalid UTF-8 byte or sequence at line 103 replaced by U+FFFD.
Invalid UTF-8 byte or sequence at line 103 replaced by U+FFFD.
Invalid UTF-8 byte or sequence at line 103 replaced by U+FFFD.
Invalid UTF-8 byte or sequence at line 103 replaced by U+FFFD.
Invalid UTF-8 byte or sequence at line 103 replaced by U+FFFD.
Invalid UTF-8 byte or sequence at line 103 replaced by U+FFFD.
Invalid UTF-8 byte or sequence at line 103 replaced by U+FFFD.
File: images/chapter3/128_allT_mag.eps Graphic file (type eps)
 <images/chapter3/128_allT_mag.eps>
Underfull \hbox (badness 1789) in paragraph at lines 107--107
[]\EU1/lmr/bx/n/12 Figure 3.5: |\EU1/lmr/m/n/12 Concentration-dependent $\OML/cmm/m/it/12 I[]$\EU1/lmr/m/n/12 -$\OML/cmm/m/it/12 V[]$ \EU1/lmr/m/n/12 curves with concentration of
 []

Invalid UTF-8 byte or sequence at line 119 replaced by U+FFFD.
Invalid UTF-8 byte or sequence at line 119 replaced by U+FFFD.
Invalid UTF-8 byte or sequence at line 119 replaced by U+FFFD.
Invalid UTF-8 byte or sequence at line 119 replaced by U+FFFD.
Invalid UTF-8 byte or sequence at line 119 replaced by U+FFFD.
Invalid UTF-8 byte or sequence at line 119 replaced by U+FFFD.
Invalid UTF-8 byte or sequence at line 119 replaced by U+FFFD.
Invalid UTF-8 byte or sequence at line 119 replaced by U+FFFD.
File: images/chapter3/128_allT_error.eps Graphic file (type eps)
<images/chapter3/128_allT_error.eps>
Overfull \vbox (8.568pt too high) has occurred while \output is active []

 [22]
Overfull \vbox (8.568pt too high) has occurred while \output is active []

 [23]
Invalid UTF-8 byte or sequence at line 152 replaced by U+FFFD.
Invalid UTF-8 byte or sequence at line 152 replaced by U+FFFD.
Invalid UTF-8 byte or sequence at line 152 replaced by U+FFFD.
Invalid UTF-8 byte or sequence at line 152 replaced by U+FFFD.
Invalid UTF-8 byte or sequence at line 152 replaced by U+FFFD.
Invalid UTF-8 byte or sequence at line 152 replaced by U+FFFD.
Invalid UTF-8 byte or sequence at line 152 replaced by U+FFFD.
File: images/chapter3/208_devices/L2-7_log.eps Graphic file (type eps)
 <images/chapter3/208_devices/L2-7_log.eps>
Overfull \hbox (31.72258pt too wide) in paragraph at lines 152--154
 [][] 
 []

Invalid UTF-8 byte or sequence at line 158 replaced by U+FFFD.
Invalid UTF-8 byte or sequence at line 158 replaced by U+FFFD.
Invalid UTF-8 byte or sequence at line 158 replaced by U+FFFD.
Invalid UTF-8 byte or sequence at line 158 replaced by U+FFFD.
Invalid UTF-8 byte or sequence at line 158 replaced by U+FFFD.
Invalid UTF-8 byte or sequence at line 158 replaced by U+FFFD.
File: images/chapter3/208_devices/L2-7_margin.eps Graphic file (type eps)
<images/chapter3/208_devices/L2-7_margin.eps>
Overfull \hbox (31.72258pt too wide) in paragraph at lines 158--161
 [][] 
 []


Overfull \hbox (2.60799pt too wide) in paragraph at lines 150--162
[][]  [] 
 []

Invalid UTF-8 byte or sequence at line 165 replaced by U+FFFD.
Invalid UTF-8 byte or sequence at line 165 replaced by U+FFFD.
Invalid UTF-8 byte or sequence at line 165 replaced by U+FFFD.
Invalid UTF-8 byte or sequence at line 165 replaced by U+FFFD.
Invalid UTF-8 byte or sequence at line 165 replaced by U+FFFD.
Invalid UTF-8 byte or sequence at line 165 replaced by U+FFFD.
Invalid UTF-8 byte or sequence at line 165 replaced by U+FFFD.
Invalid UTF-8 byte or sequence at line 165 replaced by U+FFFD.
Invalid UTF-8 byte or sequence at line 165 replaced by U+FFFD.
Invalid UTF-8 byte or sequence at line 165 replaced by U+FFFD.
File: images/chapter3/208_devices/L2-8_log.eps Graphic file (type eps)
<images/chapter3/208_devices/L2-8_log.eps>
Overfull \hbox (31.72258pt too wide) in paragraph at lines 165--167
 [][] 
 []

Invalid UTF-8 byte or sequence at line 171 replaced by U+FFFD.
Invalid UTF-8 byte or sequence at line 171 replaced by U+FFFD.
Invalid UTF-8 byte or sequence at line 171 replaced by U+FFFD.
Invalid UTF-8 byte or sequence at line 171 replaced by U+FFFD.
Invalid UTF-8 byte or sequence at line 171 replaced by U+FFFD.
Invalid UTF-8 byte or sequence at line 171 replaced by U+FFFD.
File: images/chapter3/208_devices/L2-8_margin.eps Graphic file (type eps)
<images/chapter3/208_devices/L2-8_margin.eps>
Overfull \hbox (31.72258pt too wide) in paragraph at lines 171--174
 [][] 
 []


Overfull \hbox (2.60799pt too wide) in paragraph at lines 163--175
[][]  [] 
 []

Invalid UTF-8 byte or sequence at line 178 replaced by U+FFFD.
Invalid UTF-8 byte or sequence at line 178 replaced by U+FFFD.
Invalid UTF-8 byte or sequence at line 178 replaced by U+FFFD.
Invalid UTF-8 byte or sequence at line 178 replaced by U+FFFD.
Invalid UTF-8 byte or sequence at line 178 replaced by U+FFFD.
Invalid UTF-8 byte or sequence at line 178 replaced by U+FFFD.
Invalid UTF-8 byte or sequence at line 178 replaced by U+FFFD.
File: images/chapter3/208_devices/L2-12_log.eps Graphic file (type eps)
<images/chapter3/208_devices/L2-12_log.eps>
Overfull \hbox (31.72258pt too wide) in paragraph at lines 178--180
 [][] 
 []

Invalid UTF-8 byte or sequence at line 184 replaced by U+FFFD.
Invalid UTF-8 byte or sequence at line 184 replaced by U+FFFD.
Invalid UTF-8 byte or sequence at line 184 replaced by U+FFFD.
Invalid UTF-8 byte or sequence at line 184 replaced by U+FFFD.
Invalid UTF-8 byte or sequence at line 184 replaced by U+FFFD.
Invalid UTF-8 byte or sequence at line 184 replaced by U+FFFD.
File: images/chapter3/208_devices/L2-12_margin.eps Graphic file (type eps)
<images/chapter3/208_devices/L2-12_margin.eps>
Overfull \hbox (31.72258pt too wide) in paragraph at lines 184--187
 [][] 
 []


Overfull \hbox (2.60799pt too wide) in paragraph at lines 176--188
[][]  [] 
 []

Invalid UTF-8 byte or sequence at line 206 replaced by U+FFFD.
Invalid UTF-8 byte or sequence at line 206 replaced by U+FFFD.
Invalid UTF-8 byte or sequence at line 206 replaced by U+FFFD.
Invalid UTF-8 byte or sequence at line 206 replaced by U+FFFD.
Invalid UTF-8 byte or sequence at line 206 replaced by U+FFFD.
Invalid UTF-8 byte or sequence at line 206 replaced by U+FFFD.
Invalid UTF-8 byte or sequence at line 206 replaced by U+FFFD.
File: images/chapter3/Id_Dev_bio.eps Graphic file (type eps)
<images/chapter3/Id_Dev_bio.eps>
Overfull \vbox (8.568pt too high) has occurred while \output is active []

 [24]

LaTeX Warning: Text page 25 contains only floats.


Overfull \vbox (8.568pt too high) has occurred while \output is active []

 [25]
Overfull \vbox (8.568pt too high) has occurred while \output is active []

 [26]
File: images/chapter3/FgBg_Compare_Id.eps Graphic file (type eps)
 <images/chapter3/FgBg_Compare_Id.eps>
File: images/chapter3/FgBg_Compare_Id_dev.eps Graphic file (type eps)
 <images/chapter3/FgBg_Compare_Id_dev.eps>
File: images/chapter3/pIdVg.eps Graphic file (type eps)
 <images/chapter3/pIdVg.eps>
File: images/chapter3/pIdgbs.eps Graphic file (type eps)
 <images/chapter3/pIdgbs.eps>
File: images/chapter3/pIdgbs_Vd.eps Graphic file (type eps)
 <images/chapter3/pIdgbs_Vd.eps>
Overfull \vbox (8.568pt too high) has occurred while \output is active []

 [27]
Overfull \vbox (8.568pt too high) has occurred while \output is active []

 [28]
Overfull \vbox (8.568pt too high) has occurred while \output is active []

 [29]
File: images/chapter3/rds_I.eps Graphic file (type eps)
 <images/chapter3/rds_I.eps>
File: images/chapter3/pDisparity.eps Graphic file (type eps)
 <images/chapter3/pDisparity.eps>
Overfull \vbox (8.568pt too high) has occurred while \output is active []

 [30]
Overfull \vbox (8.568pt too high) has occurred while \output is active []

 [31]
Overfull \hbox (20.21442pt too wide) in paragraph at lines 419--425
 [][] 
 []

) (./data/chap4.tex
Overfull \vbox (8.568pt too high) has occurred while \output is active []

 [32]
Overfull \vbox (8.568pt too high) has occurred while \output is active []

 [33]
Chapter 4.
File: images/../images/chapter4/SFdiscrete_old.png Graphic file (type QTm)
<use  "images/../images/chapter4/SFdiscrete_old.png" >
File: images/../images/chapter4/SFdiscrete_schematic.png Graphic file (type QTm)
 <use  "images/../images/chapter4/SFdiscrete_schematic.png" >
Overfull \hbox (1.7767pt too wide) in paragraph at lines 24--25
\EU1/lmr/m/n/12 The circuit is divided into two sections: the constant-voltage circuit and the constant-
 []

[34

]
Overfull \vbox (8.568pt too high) has occurred while \output is active []

 [35]
File: images/chapter4/LM334.png Graphic file (type QTm)
 <use  "images/chapter4/LM334.png" >
Overfull \vbox (8.568pt too high) has occurred while \output is active []

 [36]
Invalid UTF-8 byte or sequence at line 78 replaced by U+FFFD.
Invalid UTF-8 byte or sequence at line 78 replaced by U+FFFD.
Invalid UTF-8 byte or sequence at line 78 replaced by U+FFFD.
Invalid UTF-8 byte or sequence at line 78 replaced by U+FFFD.
Invalid UTF-8 byte or sequence at line 78 replaced by U+FFFD.
Invalid UTF-8 byte or sequence at line 78 replaced by U+FFFD.
Invalid UTF-8 byte or sequence at line 78 replaced by U+FFFD.
Invalid UTF-8 byte or sequence at line 78 replaced by U+FFFD.
File: images/chapter4/SF.eps Graphic file (type eps)
 <images/chapter4/SF.eps>
Invalid UTF-8 byte or sequence at line 103 replaced by U+FFFD.
Invalid UTF-8 byte or sequence at line 103 replaced by U+FFFD.
Invalid UTF-8 byte or sequence at line 103 replaced by U+FFFD.
Invalid UTF-8 byte or sequence at line 103 replaced by U+FFFD.
Invalid UTF-8 byte or sequence at line 103 replaced by U+FFFD.
Invalid UTF-8 byte or sequence at line 103 replaced by U+FFFD.
Invalid UTF-8 byte or sequence at line 103 replaced by U+FFFD.
Invalid UTF-8 byte or sequence at line 103 replaced by U+FFFD.
Invalid UTF-8 byte or sequence at line 103 replaced by U+FFFD.
File: images/../images/chapter4/SF_impedance.eps Graphic file (type eps)
 <images/../images/chapter4/SF_impedance.eps>) (./data/chap5.tex
Overfull \vbox (8.568pt too high) has occurred while \output is active []

 [37]
Overfull \vbox (8.568pt too high) has occurred while \output is active []

 [38]
Overfull \vbox (8.568pt too high) has occurred while \output is active []

 [39]
Chapter 5.
File: images/chapter5/DCMode.png Graphic file (type QTm)
<use  "images/chapter5/DCMode.png" > [40

]
File: images/chapter5/ACMode.png Graphic file (type QTm)
 <use  "images/chapter5/ACMode.png" >
File: images/chapter5/ACMode_sine.png Graphic file (type QTm)
 <use  "images/chapter5/ACMode_sine.png" >
Overfull \vbox (8.568pt too high) has occurred while \output is active []

 [41]
Overfull \vbox (8.568pt too high) has occurred while \output is active []

 [42]
File: images/chapter5/TIA_olda.png Graphic file (type QTm)
 <use  "images/chapter5/TIA_olda.png" >
Overfull \hbox (19.20665pt too wide) in paragraph at lines 92--94
[][]
 []

File: images/chapter5/TIA_old.png Graphic file (type QTm)
<use  "images/chapter5/TIA_old.png" >
Overfull \vbox (8.568pt too high) has occurred while \output is active []

 [43]
File: images/chapter5/TIA.png Graphic file (type QTm)
 <use  "images/chapter5/TIA.png" >
Overfull \vbox (8.568pt too high) has occurred while \output is active []

 [44]
File: images/chapter5/TIA_block.png Graphic file (type QTm)
 <use  "images/chapter5/TIA_block.png" >
File: images/chapter5/TIA_sch.png Graphic file (type QTm)
 <use  "images/chapter5/TIA_sch.png" >
File: images/chapter5/postSim/TIA_ac.jpg Graphic file (type QTm)
 <use  "images/chapter5/postSim/TIA_ac.jpg" >
Overfull \vbox (8.568pt too high) has occurred while \output is active []

 [45]
File: images/chapter5/postSim/TIA_dc.jpg Graphic file (type QTm)
 <use  "images/chapter5/postSim/TIA_dc.jpg" >
Overfull \vbox (8.568pt too high) has occurred while \output is active []

 [46]
File: images/../images/chapter5/feedbackBlock.png Graphic file (type QTm)
 <use  "images/../images/chapter5/feedbackBlock.png" >
Overfull \vbox (8.568pt too high) has occurred while \output is active []

 [47]
File: images/chapter5/input_imp.png Graphic file (type QTm)
 <use  "images/chapter5/input_imp.png" >
Overfull \vbox (8.568pt too high) has occurred while \output is active []

 [48]
File: images/../images/chapter5/LoopGain.png Graphic file (type QTm)
 <use  "images/../images/chapter5/LoopGain.png" >
Overfull \vbox (8.568pt too high) has occurred while \output is active []

 [49]
File: images/chapter5/OP_block.png Graphic file (type QTm)
 <use  "images/chapter5/OP_block.png" >
File: images/chapter5/OP_sch.png Graphic file (type QTm)
 <use  "images/chapter5/OP_sch.png" >
Overfull \vbox (8.568pt too high) has occurred while \output is active []

 [50]
Overfull \vbox (8.568pt too high) has occurred while \output is active []

 [51]
File: images/chapter5/postSim/DCIcompare_all.PNG Graphic file (type QTm)
 <use  "images/chapter5/postSim/DCIcompare_all.PNG" >
File: images/chapter5/postSim/stability_1p.PNG Graphic file (type QTm)
 <use  "images/chapter5/postSim/stability_1p.PNG" >
Overfull \vbox (8.568pt too high) has occurred while \output is active []

 [52]
File: images/chapter5/mirror.PNG Graphic file (type QTm)
 <use  "images/chapter5/mirror.PNG" >
Overfull \vbox (8.568pt too high) has occurred while \output is active []

 [53]
Overfull \vbox (8.568pt too high) has occurred while \output is active []

 [54]
File: images/chapter5/Second.png Graphic file (type QTm)
 <use  "images/chapter5/Second.png" >
File: images/../images/chapter5/Subtractor.png Graphic file (type QTm)
 <use  "images/../images/chapter5/Subtractor.png" >
Overfull \vbox (8.568pt too high) has occurred while \output is active []

 [55]
File: images/chapter5/postSim/subtractor_5_xx.jpg Graphic file (type QTm)
 <use  "images/chapter5/postSim/subtractor_5_xx.jpg" >
File: images/chapter5/postSim/subtractor_5_zz.jpg Graphic file (type QTm)
 <use  "images/chapter5/postSim/subtractor_5_zz.jpg" >
Overfull \vbox (8.568pt too high) has occurred while \output is active []

 [56]
Overfull \vbox (8.568pt too high) has occurred while \output is active []

 [57]
File: images/chapter5/postSim/ResAmp_1x.PNG Graphic file (type QTm)
 <use  "images/chapter5/postSim/ResAmp_1x.PNG" >
File: images/chapter5/postSim/ResAmp_10x.PNG Graphic file (type QTm)
 <use  "images/chapter5/postSim/ResAmp_10x.PNG" >
File: images/chapter5/postSim/ResAmp_100x.PNG Graphic file (type QTm)
 <use  "images/chapter5/postSim/ResAmp_100x.PNG" >
Underfull \hbox (badness 10000) in paragraph at lines 595--611
[][] []
 []


Overfull \hbox (6.35152pt too wide) in paragraph at lines 619--632
 [][] 
 []


Overfull \vbox (8.568pt too high) has occurred while \output is active []

 [58]
Overfull \vbox (8.568pt too high) has occurred while \output is active []

 [59]
File: images/chapter5/NWROC_block_vg.png Graphic file (type QTm)
 <use  "images/chapter5/NWROC_block_vg.png" >
File: images/../images/chapter5/postSim/totalGain.PNG Graphic file (type QTm)
 <use  "images/../images/chapter5/postSim/totalGain.PNG" >
File: images/../images/chapter5/postSim/noise.png Graphic file (type QTm)
 <use  "images/../images/chapter5/postSim/noise.png" >
Overfull \hbox (3.10849pt too wide) in paragraph at lines 687--691
[]\EU1/lmr/m/n/12 Fig.5.20[] presents the maximal gain that the circuit provides at five corners. Fig.5.21[]
 []


Overfull \vbox (8.568pt too high) has occurred while \output is active []

 [60]
File: images/chapter5/NWROC_block_vs.png Graphic file (type QTm)
 <use  "images/chapter5/NWROC_block_vs.png" >
Overfull \vbox (8.568pt too high) has occurred while \output is active []

 [61]
Overfull \vbox (8.568pt too high) has occurred while \output is active []

 [62]
File: images/chapter5/postSim/sine_gm_x10_1u_10u_tran.PNG Graphic file (type QTm)
 <use  "images/chapter5/postSim/sine_gm_x10_1u_10u_tran.PNG" >
File: images/chapter5/postSim/sine_gm_x10_1u_10u_ac.PNG Graphic file (type QTm)
 <use  "images/chapter5/postSim/sine_gm_x10_1u_10u_ac.PNG" >
File: images/chapter5/postSim/sine_gm_x100_1u_6u_tran.PNG Graphic file (type QTm)
 <use  "images/chapter5/postSim/sine_gm_x100_1u_6u_tran.PNG" >
File: images/chapter5/postSim/sine_gm_x100_1u_6u_ac.PNG Graphic file (type QTm)
 <use  "images/chapter5/postSim/sine_gm_x100_1u_6u_ac.PNG" >) (./data/chap6.tex
Overfull \vbox (8.568pt too high) has occurred while \output is active []

 [63]
Overfull \vbox (8.568pt too high) has occurred while \output is active []

 [64]
Chapter 6.
File: images/chapter6/FrontedCircuit.png Graphic file (type QTm)
<use  "images/chapter6/FrontedCircuit.png" > [65

]
File: images/chapter5/mirror.PNG Graphic file (type QTm)
 <use  "images/chapter5/mirror.PNG" >
File: images/chapter6/Ibias.png Graphic file (type QTm)
 <use  "images/chapter6/Ibias.png" >

LaTeX Warning: Reference `fig:mirror_ch6' on page 66 undefined on input line 44.


Overfull \hbox (3.8402pt too wide) in paragraph at lines 51--60
\EU1/lmr/m/n/12 The Fig.6.3[](a) and (c) show that the dynamic input current range of TIA is $\OT1/cmr/m/n/12 +5\OML/cmm/m/it/12 :\OT1/cmr/m/n/12 3\OML/cmm/m/it/12 ^^VA \OMS/cmsy/m/n/12 ^^X
 []


Overfull \vbox (8.568pt too high) has occurred while \output is active []

 [66]
File: images/chapter6/Trimp_I+.png Graphic file (type QTm)
 <use  "images/chapter6/Trimp_I+.png" >
File: images/chapter6/Trimp_I-.png Graphic file (type QTm)
 <use  "images/chapter6/Trimp_I-.png" >
File: images/chapter6/Problem_OPGain.png Graphic file (type QTm)
 <use  "images/chapter6/Problem_OPGain.png" >
Overfull \vbox (8.568pt too high) has occurred while \output is active []

 [67]
File: images/chapter6/DCMode.png Graphic file (type QTm)
 <use  "images/chapter6/DCMode.png" >
File: images/chapter6/gvt_0101Manual_IdVg.png Graphic file (type QTm)
 <use  "images/chapter6/gvt_0101Manual_IdVg.png" >
Overfull \vbox (8.568pt too high) has occurred while \output is active []

 [68]
File: images/chapter6/gvt_0101Manual_gmId.png Graphic file (type QTm)
 <use  "images/chapter6/gvt_0101Manual_gmId.png" >
Overfull \vbox (8.568pt too high) has occurred while \output is active []

 [69]
Overfull \vbox (8.568pt too high) has occurred while \output is active []

 [70]
File: images/chapter6/gvt_0101Manual_VopiProblem.png Graphic file (type QTm)
 <use  "images/chapter6/gvt_0101Manual_VopiProblem.png" >
Overfull \vbox (8.568pt too high) has occurred while \output is active []

 [71]
File: images/chapter6/OP_schematic.png Graphic file (type QTm)
 <use  "images/chapter6/OP_schematic.png" >
File: images/chapter6/TrOP_layout.PNG Graphic file (type QTm)
 <use  "images/chapter6/TrOP_layout.PNG" >
Overfull \vbox (8.568pt too high) has occurred while \output is active []

 [72]
Overfull \vbox (8.568pt too high) has occurred while \output is active []

 [73]
File: images/chapter6/NWROC_block.png Graphic file (type QTm)
 <use  "images/chapter6/NWROC_block.png" >
File: images/chapter6/Second.png Graphic file (type QTm)
 <use  "images/chapter6/Second.png" >
Overfull \hbox (2.60799pt too wide) in paragraph at lines 265--278
[][]  [] 
 []


Overfull \vbox (8.568pt too high) has occurred while \output is active []

 [74]
File: images/chapter6/CVMVsMeas.png Graphic file (type QTm)
 <use  "images/chapter6/CVMVsMeas.png" >
File: images/chapter6/Subtractor_noise.png Graphic file (type QTm)
 <use  "images/chapter6/Subtractor_noise.png" >
Overfull \vbox (8.568pt too high) has occurred while \output is active []

 [75]
Overfull \vbox (8.568pt too high) has occurred while \output is active []

 [76]
File: images/chapter6/Amp_PM.PNG Graphic file (type QTm)
 <use  "images/chapter6/Amp_PM.PNG" >
File: images/chapter6/Amp_PM_5p.PNG Graphic file (type QTm)
 <use  "images/chapter6/Amp_PM_5p.PNG" >
File: images/chapter6/SeconStage_feed.png Graphic file (type QTm)
 <use  "images/chapter6/SeconStage_feed.png" >
Overfull \vbox (8.568pt too high) has occurred while \output is active []

 [77]
File: images/../images/chapter6/Amp_pm_5p_10x.PNG Graphic file (type QTm)
 <use  "images/../images/chapter6/Amp_pm_5p_10x.PNG" >
Overfull \vbox (8.568pt too high) has occurred while \output is active []

 [78]
File: images/chapter6/SubtractorXin.png Graphic file (type QTm)
 <use  "images/chapter6/SubtractorXin.png" >
File: images/chapter6/SubtractorZoffset.png Graphic file (type QTm)
 <use  "images/chapter6/SubtractorZoffset.png" >
Overfull \vbox (8.568pt too high) has occurred while \output is active []

 [79]
Overfull \vbox (1.78517pt too high) has occurred while \output is active []


Overfull \vbox (8.568pt too high) has occurred while \output is active []

 [80]
File: images/chapter6/SubtractorXin_scope.png Graphic file (type QTm)
 <use  "images/chapter6/SubtractorXin_scope.png" >
File: images/chapter6/SecondStageAmp10x.png Graphic file (type QTm)
 <use  "images/chapter6/SecondStageAmp10x.png" >
File: images/chapter6/SecondStageAmp100x.png Graphic file (type QTm)
 <use  "images/chapter6/SecondStageAmp100x.png" >
Overfull \vbox (8.568pt too high) has occurred while \output is active []

 [81]
File: images/chapter6/Bw_10x.png Graphic file (type QTm)
 <use  "images/chapter6/Bw_10x.png" >
File: images/chapter6/Bw_100x.png Graphic file (type QTm)
 <use  "images/chapter6/Bw_100x.png" >
Overfull \vbox (8.568pt too high) has occurred while \output is active []

 [82]
File: images/chapter6/Noise.png Graphic file (type QTm)
 <use  "images/chapter6/Noise.png" >
Overfull \vbox (8.568pt too high) has occurred while \output is active []

 [83]
File: images/chapter6/Sin_1u.png Graphic file (type QTm)
 <use  "images/chapter6/Sin_1u.png" >
File: images/chapter6/Sin_1p8u.png Graphic file (type QTm)
 <use  "images/chapter6/Sin_1p8u.png" >
Overfull \vbox (8.568pt too high) has occurred while \output is active []

 [84]
Overfull \hbox (6.20473pt too wide) in paragraph at lines 572--573
\EU1/lmr/m/n/12 This section presents the measurement with the proposed variability-resisting method. 
 []

File: images/chapter6/DeviceVar_IdVg.png Graphic file (type QTm)
<use  "images/chapter6/DeviceVar_IdVg.png" >
File: images/chapter6/DeviceVar_gmId.png Graphic file (type QTm)
 <use  "images/chapter6/DeviceVar_gmId.png" >
File: images/chapter6/DeviceVar_scope.png Graphic file (type QTm)
 <use  "images/chapter6/DeviceVar_scope.png" >
Overfull \vbox (8.568pt too high) has occurred while \output is active []

 [85]
Overfull \vbox (8.568pt too high) has occurred while \output is active []

 [86]
File: images/chapter6/layout.PNG Graphic file (type QTm)
 <use  "images/chapter6/layout.PNG" >
Overfull \vbox (8.568pt too high) has occurred while \output is active []

 [87]
Overfull \vbox (8.568pt too high) has occurred while \output is active []

 [88])
Overfull \vbox (8.568pt too high) has occurred while \output is active []

 [89] (./main.bbl [90


]
Overfull \vbox (8.568pt too high) has occurred while \output is active []

 [91])
Overfull \vbox (8.568pt too high) has occurred while \output is active []

 [92] (./main.aux)

LaTeX Font Warning: Size substitutions with differences
(Font)              up to 0.5pt have occurred.


LaTeX Font Warning: Some font shapes were not available, defaults substituted.


LaTeX Warning: There were undefined references.

 )
(\end occurred inside a group at level 1)

### simple group (level 1) entered at line 145 ({)
### bottom level 
Here is how much of TeX's memory you used:
 31771 strings out of 493706
 670855 string characters out of 6145770
 666027 words of memory out of 5000000
 34556 multiletter control sequences out of 15000+600000
 11173 words of font info for 72 fonts, out of 8000000 for 9000
 1328 hyphenation exceptions out of 8191
 55i,15n,69p,10463b,712s stack positions out of 5000i,500n,10000p,200000b,80000s

Output written on main.pdf (105 pages).
