This is XeTeX, Version 3.14159265-2.6-0.99992 (TeX Live 2015) (preloaded format=xelatex 2016.5.8)  8 MAY 2016 22:54
entering extended mode
 restricted \write18 enabled.
 file:line:error style messages enabled.
 %&-line parsing enabled.
**abstract-tc.tex
(./abstract-tc.tex
LaTeX2e <2015/01/01>
Babel <3.9l> and hyphenation patterns for 79 languages loaded.
./abstract-tc.tex:2: Undefined control sequence.
l.2 \section
            *{\centerline{\fontsize{16pt}{\baselineskip}{中\quad文\quad摘...
The control sequence at the end of the top line
of your error message was never \def'ed. If you have
misspelled it (e.g., `\hobx'), type `I' and the correct
spelling (e.g., `I\hbox'). Otherwise just continue,
and I'll forget about whatever was undefined.


./abstract-tc.tex:2: LaTeX Error: Missing \begin{document}.

See the LaTeX manual or LaTeX Companion for explanation.
Type  H <return>  for immediate help.
 ...                                              
                                                  
l.2 \section*
             {\centerline{\fontsize{16pt}{\baselineskip}{中\quad文\quad摘...
You're in trouble here.  Try typing  <return>  to proceed.
If that doesn't work, type  X <return>  to quit.

Missing character: There is no * in font nullfont!
Missing character: There is no 中 in font nullfont!
./abstract-tc.tex:2: Undefined control sequence.
<argument> ... {16pt}{\baselineskip }{中\quad文 
                                                  \quad摘 \quad要 }
l.2 ...baselineskip}{中\quad文\quad摘\quad要}}
                                                  }
The control sequence at the end of the top line
of your error message was never \def'ed. If you have
misspelled it (e.g., `\hobx'), type `I' and the correct
spelling (e.g., `I\hbox'). Otherwise just continue,
and I'll forget about whatever was undefined.

./abstract-tc.tex:2: Undefined control sequence.
<argument> ...baselineskip }{中\quad文 \quad摘 
                                                  \quad要 }
l.2 ...baselineskip}{中\quad文\quad摘\quad要}}
                                                  }
The control sequence at the end of the top line
of your error message was never \def'ed. If you have
misspelled it (e.g., `\hobx'), type `I' and the correct
spelling (e.g., `I\hbox'). Otherwise just continue,
and I'll forget about whatever was undefined.

./abstract-tc.tex:2: Undefined control sequence.
<argument> ...kip }{中\quad文 \quad摘 \quad要 
                                                  }
l.2 ...baselineskip}{中\quad文\quad摘\quad要}}
                                                  }
The control sequence at the end of the top line
of your error message was never \def'ed. If you have
misspelled it (e.g., `\hobx'), type `I' and the correct
spelling (e.g., `I\hbox'). Otherwise just continue,
and I'll forget about whatever was undefined.

(./abstract-tc.aux)
\openout1 = `abstract-tc.aux'.

LaTeX Font Info:    Checking defaults for OML/cmm/m/it on input line 6.
LaTeX Font Info:    ... okay on input line 6.
LaTeX Font Info:    Checking defaults for T1/cmr/m/n on input line 6.
LaTeX Font Info:    ... okay on input line 6.
LaTeX Font Info:    Checking defaults for OT1/cmr/m/n on input line 6.
LaTeX Font Info:    ... okay on input line 6.
LaTeX Font Info:    Checking defaults for OMS/cmsy/m/n on input line 6.
LaTeX Font Info:    ... okay on input line 6.
LaTeX Font Info:    Checking defaults for OMX/cmex/m/n on input line 6.
LaTeX Font Info:    ... okay on input line 6.
LaTeX Font Info:    Checking defaults for U/cmr/m/n on input line 6.
LaTeX Font Info:    ... okay on input line 6.


./abstract-tc.tex:6: LaTeX Error: The font size command \normalsize is not defined:
               there is probably something wrong with the class file.

See the LaTeX manual or LaTeX Companion for explanation.
Type  H <return>  for immediate help.
 ...                                              
                                                  
l.6 \begin{document}
                    
Your command was ignored.
Type  I <command> <return>  to replace it with another command,
or  <return>  to continue without it.

Missing character: There is no 關 in font cmbx12!
Missing character: There is no 鍵 in font cmbx12!
Missing character: There is no 詞 in font cmbx12!
Missing character: There is no ： in font nullfont!

./abstract-tc.tex:8: LaTeX Error: The font size command \normalsize is not defined:
               there is probably something wrong with the class file.

See the LaTeX manual or LaTeX Companion for explanation.
Type  H <return>  for immediate help.
 ...                                              
                                                  
l.8 \end{document}
                  
Your command was ignored.
Type  I <command> <return>  to replace it with another command,
or  <return>  to continue without it.

[1
./abstract-tc.tex:8: Undefined control sequence.
<write> ...sline {chapter}{中文摘要}{\thepage 
                                                  }}
l.8 \end{document}
                  
The control sequence at the end of the top line
of your error message was never \def'ed. If you have
misspelled it (e.g., `\hobx'), type `I' and the correct
spelling (e.g., `I\hbox'). Otherwise just continue,
and I'll forget about whatever was undefined.

] (./abstract-tc.aux) ) 
Here is how much of TeX's memory you used:
 20 strings out of 493706
 235 string characters out of 6145770
 53323 words of memory out of 5000000
 3455 multiletter control sequences out of 15000+600000
 4245 words of font info for 16 fonts, out of 8000000 for 9000
 1328 hyphenation exceptions out of 8191
 23i,4n,14p,93b,98s stack positions out of 5000i,500n,10000p,200000b,80000s

Output written on abstract-tc.pdf (1 page).
